{"C:\\Users\\Benison\\Desktop\\HomeEase-ReactNative-main\\mobile\\hooks\\useAuth.ts": {"path":"C:\\Users\\Benison\\Desktop\\HomeEase-ReactNative-main\\mobile\\hooks\\useAuth.ts","statementMap":{"0":{"start":{"line":13,"column":16},"end":{"line":13,"column":30}},"1":{"start":{"line":15,"column":16},"end":{"line":38,"column":13}},"2":{"start":{"line":16,"column":4},"end":{"line":16,"column":27}},"3":{"start":{"line":17,"column":4},"end":{"line":17,"column":25}},"4":{"start":{"line":19,"column":4},"end":{"line":37,"column":5}},"5":{"start":{"line":20,"column":23},"end":{"line":20,"column":55}},"6":{"start":{"line":22,"column":6},"end":{"line":27,"column":9}},"7":{"start":{"line":28,"column":6},"end":{"line":28,"column":37}},"8":{"start":{"line":30,"column":6},"end":{"line":30,"column":47}},"9":{"start":{"line":32,"column":20},"end":{"line":32,"column":39}},"10":{"start":{"line":33,"column":6},"end":{"line":33,"column":36}},"11":{"start":{"line":34,"column":6},"end":{"line":34,"column":18}},"12":{"start":{"line":36,"column":6},"end":{"line":36,"column":30}},"13":{"start":{"line":40,"column":17},"end":{"line":75,"column":13}},"14":{"start":{"line":47,"column":4},"end":{"line":47,"column":27}},"15":{"start":{"line":48,"column":4},"end":{"line":48,"column":25}},"16":{"start":{"line":50,"column":4},"end":{"line":74,"column":5}},"17":{"start":{"line":51,"column":23},"end":{"line":51,"column":49}},"18":{"start":{"line":53,"column":6},"end":{"line":59,"column":9}},"19":{"start":{"line":60,"column":6},"end":{"line":60,"column":37}},"20":{"start":{"line":63,"column":6},"end":{"line":65,"column":7}},"21":{"start":{"line":64,"column":8},"end":{"line":64,"column":43}},"22":{"start":{"line":67,"column":6},"end":{"line":67,"column":47}},"23":{"start":{"line":69,"column":20},"end":{"line":69,"column":39}},"24":{"start":{"line":70,"column":6},"end":{"line":70,"column":36}},"25":{"start":{"line":71,"column":6},"end":{"line":71,"column":18}},"26":{"start":{"line":73,"column":6},"end":{"line":73,"column":30}},"27":{"start":{"line":77,"column":25},"end":{"line":91,"column":13}},"28":{"start":{"line":78,"column":4},"end":{"line":78,"column":27}},"29":{"start":{"line":79,"column":4},"end":{"line":79,"column":25}},"30":{"start":{"line":81,"column":4},"end":{"line":90,"column":5}},"31":{"start":{"line":82,"column":23},"end":{"line":82,"column":58}},"32":{"start":{"line":83,"column":6},"end":{"line":83,"column":47}},"33":{"start":{"line":85,"column":20},"end":{"line":85,"column":39}},"34":{"start":{"line":86,"column":6},"end":{"line":86,"column":36}},"35":{"start":{"line":87,"column":6},"end":{"line":87,"column":18}},"36":{"start":{"line":89,"column":6},"end":{"line":89,"column":30}},"37":{"start":{"line":93,"column":25},"end":{"line":112,"column":13}},"38":{"start":{"line":94,"column":4},"end":{"line":94,"column":27}},"39":{"start":{"line":95,"column":4},"end":{"line":95,"column":25}},"40":{"start":{"line":97,"column":4},"end":{"line":111,"column":5}},"41":{"start":{"line":98,"column":23},"end":{"line":98,"column":50}},"42":{"start":{"line":100,"column":6},"end":{"line":102,"column":7}},"43":{"start":{"line":101,"column":8},"end":{"line":101,"column":39}},"44":{"start":{"line":104,"column":6},"end":{"line":104,"column":47}},"45":{"start":{"line":106,"column":20},"end":{"line":106,"column":39}},"46":{"start":{"line":107,"column":6},"end":{"line":107,"column":36}},"47":{"start":{"line":108,"column":6},"end":{"line":108,"column":18}},"48":{"start":{"line":110,"column":6},"end":{"line":110,"column":30}},"49":{"start":{"line":114,"column":20},"end":{"line":128,"column":13}},"50":{"start":{"line":115,"column":4},"end":{"line":115,"column":27}},"51":{"start":{"line":116,"column":4},"end":{"line":116,"column":25}},"52":{"start":{"line":118,"column":4},"end":{"line":127,"column":5}},"53":{"start":{"line":119,"column":23},"end":{"line":119,"column":48}},"54":{"start":{"line":120,"column":6},"end":{"line":120,"column":47}},"55":{"start":{"line":122,"column":20},"end":{"line":122,"column":39}},"56":{"start":{"line":123,"column":6},"end":{"line":123,"column":36}},"57":{"start":{"line":124,"column":6},"end":{"line":124,"column":18}},"58":{"start":{"line":126,"column":6},"end":{"line":126,"column":30}},"59":{"start":{"line":130,"column":17},"end":{"line":133,"column":13}},"60":{"start":{"line":131,"column":4},"end":{"line":131,"column":19}},"61":{"start":{"line":132,"column":4},"end":{"line":132,"column":23}},"62":{"start":{"line":135,"column":21},"end":{"line":137,"column":13}},"63":{"start":{"line":136,"column":4},"end":{"line":136,"column":23}},"64":{"start":{"line":139,"column":2},"end":{"line":155,"column":4}}},"fnMap":{"0":{"name":"useAuth","decl":{"start":{"line":12,"column":16},"end":{"line":12,"column":23}},"loc":{"start":{"line":12,"column":26},"end":{"line":156,"column":1}},"line":12},"1":{"name":"(anonymous_1)","decl":{"start":{"line":15,"column":28},"end":{"line":15,"column":29}},"loc":{"start":{"line":15,"column":71},"end":{"line":38,"column":3}},"line":15},"2":{"name":"(anonymous_2)","decl":{"start":{"line":40,"column":29},"end":{"line":40,"column":30}},"loc":{"start":{"line":46,"column":8},"end":{"line":75,"column":3}},"line":46},"3":{"name":"(anonymous_3)","decl":{"start":{"line":77,"column":37},"end":{"line":77,"column":38}},"loc":{"start":{"line":77,"column":62},"end":{"line":91,"column":3}},"line":77},"4":{"name":"(anonymous_4)","decl":{"start":{"line":93,"column":37},"end":{"line":93,"column":38}},"loc":{"start":{"line":93,"column":75},"end":{"line":112,"column":3}},"line":93},"5":{"name":"(anonymous_5)","decl":{"start":{"line":114,"column":32},"end":{"line":114,"column":33}},"loc":{"start":{"line":114,"column":57},"end":{"line":128,"column":3}},"line":114},"6":{"name":"(anonymous_6)","decl":{"start":{"line":130,"column":29},"end":{"line":130,"column":30}},"loc":{"start":{"line":130,"column":35},"end":{"line":133,"column":3}},"line":130},"7":{"name":"(anonymous_7)","decl":{"start":{"line":135,"column":33},"end":{"line":135,"column":34}},"loc":{"start":{"line":135,"column":39},"end":{"line":137,"column":3}},"line":135}},"branchMap":{"0":{"loc":{"start":{"line":63,"column":6},"end":{"line":65,"column":7}},"type":"if","locations":[{"start":{"line":63,"column":6},"end":{"line":65,"column":7}},{"start":{},"end":{}}],"line":63},"1":{"loc":{"start":{"line":100,"column":6},"end":{"line":102,"column":7}},"type":"if","locations":[{"start":{"line":100,"column":6},"end":{"line":102,"column":7}},{"start":{},"end":{}}],"line":100},"2":{"loc":{"start":{"line":100,"column":10},"end":{"line":100,"column":44}},"type":"binary-expr","locations":[{"start":{"line":100,"column":10},"end":{"line":100,"column":26}},{"start":{"line":100,"column":30},"end":{"line":100,"column":44}}],"line":100}},"s":{"0":0,"1":0,"2":0,"3":0,"4":0,"5":0,"6":0,"7":0,"8":0,"9":0,"10":0,"11":0,"12":0,"13":0,"14":0,"15":0,"16":0,"17":0,"18":0,"19":0,"20":0,"21":0,"22":0,"23":0,"24":0,"25":0,"26":0,"27":0,"28":0,"29":0,"30":0,"31":0,"32":0,"33":0,"34":0,"35":0,"36":0,"37":0,"38":0,"39":0,"40":0,"41":0,"42":0,"43":0,"44":0,"45":0,"46":0,"47":0,"48":0,"49":0,"50":0,"51":0,"52":0,"53":0,"54":0,"55":0,"56":0,"57":0,"58":0,"59":0,"60":0,"61":0,"62":0,"63":0,"64":0},"f":{"0":0,"1":0,"2":0,"3":0,"4":0,"5":0,"6":0,"7":0},"b":{"0":[0,0],"1":[0,0],"2":[0,0]}}
,"C:\\Users\\Benison\\Desktop\\HomeEase-ReactNative-main\\mobile\\hooks\\useImageUpload.ts": {"path":"C:\\Users\\Benison\\Desktop\\HomeEase-ReactNative-main\\mobile\\hooks\\useImageUpload.ts","statementMap":{"0":{"start":{"line":36,"column":28},"end":{"line":40,"column":4}},"1":{"start":{"line":42,"column":23},"end":{"line":42,"column":62}},"2":{"start":{"line":43,"column":18},"end":{"line":43,"column":40}},"3":{"start":{"line":44,"column":23},"end":{"line":44,"column":51}},"4":{"start":{"line":49,"column":23},"end":{"line":105,"column":3}},"5":{"start":{"line":51,"column":6},"end":{"line":51,"column":68}},"6":{"start":{"line":51,"column":26},"end":{"line":51,"column":65}},"7":{"start":{"line":53,"column":6},"end":{"line":102,"column":7}},"8":{"start":{"line":55,"column":31},"end":{"line":55,"column":78}},"9":{"start":{"line":56,"column":8},"end":{"line":63,"column":9}},"10":{"start":{"line":57,"column":10},"end":{"line":61,"column":14}},"11":{"start":{"line":57,"column":30},"end":{"line":61,"column":11}},"12":{"start":{"line":62,"column":10},"end":{"line":62,"column":22}},"13":{"start":{"line":66,"column":27},"end":{"line":66,"column":79}},"14":{"start":{"line":69,"column":32},"end":{"line":69,"column":85}},"15":{"start":{"line":70,"column":8},"end":{"line":77,"column":9}},"16":{"start":{"line":71,"column":10},"end":{"line":75,"column":14}},"17":{"start":{"line":71,"column":30},"end":{"line":75,"column":11}},"18":{"start":{"line":76,"column":10},"end":{"line":76,"column":22}},"19":{"start":{"line":80,"column":8},"end":{"line":87,"column":11}},"20":{"start":{"line":89,"column":8},"end":{"line":91,"column":10}},"21":{"start":{"line":93,"column":8},"end":{"line":93,"column":30}},"22":{"start":{"line":95,"column":29},"end":{"line":95,"column":91}},"23":{"start":{"line":96,"column":8},"end":{"line":100,"column":12}},"24":{"start":{"line":96,"column":28},"end":{"line":100,"column":9}},"25":{"start":{"line":101,"column":8},"end":{"line":101,"column":20}},"26":{"start":{"line":110,"column":25},"end":{"line":138,"column":20}},"27":{"start":{"line":111,"column":4},"end":{"line":136,"column":5}},"28":{"start":{"line":112,"column":25},"end":{"line":112,"column":74}},"29":{"start":{"line":113,"column":6},"end":{"line":119,"column":7}},"30":{"start":{"line":114,"column":8},"end":{"line":117,"column":12}},"31":{"start":{"line":114,"column":28},"end":{"line":117,"column":9}},"32":{"start":{"line":118,"column":8},"end":{"line":118,"column":20}},"33":{"start":{"line":121,"column":21},"end":{"line":125,"column":8}},"34":{"start":{"line":127,"column":6},"end":{"line":129,"column":7}},"35":{"start":{"line":128,"column":8},"end":{"line":128,"column":56}},"36":{"start":{"line":131,"column":27},"end":{"line":131,"column":78}},"37":{"start":{"line":132,"column":6},"end":{"line":135,"column":10}},"38":{"start":{"line":132,"column":26},"end":{"line":135,"column":7}},"39":{"start":{"line":137,"column":4},"end":{"line":137,"column":16}},"40":{"start":{"line":143,"column":26},"end":{"line":162,"column":20}},"41":{"start":{"line":144,"column":4},"end":{"line":160,"column":5}},"42":{"start":{"line":145,"column":21},"end":{"line":149,"column":8}},"43":{"start":{"line":151,"column":6},"end":{"line":153,"column":7}},"44":{"start":{"line":152,"column":8},"end":{"line":152,"column":56}},"45":{"start":{"line":155,"column":27},"end":{"line":155,"column":79}},"46":{"start":{"line":156,"column":6},"end":{"line":159,"column":10}},"47":{"start":{"line":156,"column":26},"end":{"line":159,"column":7}},"48":{"start":{"line":161,"column":4},"end":{"line":161,"column":16}},"49":{"start":{"line":167,"column":21},"end":{"line":173,"column":8}},"50":{"start":{"line":168,"column":4},"end":{"line":172,"column":7}},"51":{"start":{"line":178,"column":21},"end":{"line":183,"column":8}},"52":{"start":{"line":179,"column":4},"end":{"line":182,"column":8}},"53":{"start":{"line":179,"column":24},"end":{"line":182,"column":5}},"54":{"start":{"line":185,"column":2},"end":{"line":204,"column":4}},"55":{"start":{"line":202,"column":6},"end":{"line":202,"column":72}}},"fnMap":{"0":{"name":"useImageUpload","decl":{"start":{"line":35,"column":16},"end":{"line":35,"column":30}},"loc":{"start":{"line":35,"column":68},"end":{"line":205,"column":1}},"line":35},"1":{"name":"(anonymous_1)","decl":{"start":{"line":50,"column":4},"end":{"line":50,"column":5}},"loc":{"start":{"line":50,"column":32},"end":{"line":103,"column":5}},"line":50},"2":{"name":"(anonymous_2)","decl":{"start":{"line":51,"column":15},"end":{"line":51,"column":16}},"loc":{"start":{"line":51,"column":26},"end":{"line":51,"column":65}},"line":51},"3":{"name":"(anonymous_3)","decl":{"start":{"line":57,"column":19},"end":{"line":57,"column":20}},"loc":{"start":{"line":57,"column":30},"end":{"line":61,"column":11}},"line":57},"4":{"name":"(anonymous_4)","decl":{"start":{"line":71,"column":19},"end":{"line":71,"column":20}},"loc":{"start":{"line":71,"column":30},"end":{"line":75,"column":11}},"line":71},"5":{"name":"(anonymous_5)","decl":{"start":{"line":96,"column":17},"end":{"line":96,"column":18}},"loc":{"start":{"line":96,"column":28},"end":{"line":100,"column":9}},"line":96},"6":{"name":"(anonymous_6)","decl":{"start":{"line":110,"column":37},"end":{"line":110,"column":38}},"loc":{"start":{"line":110,"column":49},"end":{"line":138,"column":3}},"line":110},"7":{"name":"(anonymous_7)","decl":{"start":{"line":114,"column":17},"end":{"line":114,"column":18}},"loc":{"start":{"line":114,"column":28},"end":{"line":117,"column":9}},"line":114},"8":{"name":"(anonymous_8)","decl":{"start":{"line":132,"column":15},"end":{"line":132,"column":16}},"loc":{"start":{"line":132,"column":26},"end":{"line":135,"column":7}},"line":132},"9":{"name":"(anonymous_9)","decl":{"start":{"line":143,"column":38},"end":{"line":143,"column":39}},"loc":{"start":{"line":143,"column":50},"end":{"line":162,"column":3}},"line":143},"10":{"name":"(anonymous_10)","decl":{"start":{"line":156,"column":15},"end":{"line":156,"column":16}},"loc":{"start":{"line":156,"column":26},"end":{"line":159,"column":7}},"line":156},"11":{"name":"(anonymous_11)","decl":{"start":{"line":167,"column":33},"end":{"line":167,"column":34}},"loc":{"start":{"line":167,"column":39},"end":{"line":173,"column":3}},"line":167},"12":{"name":"(anonymous_12)","decl":{"start":{"line":178,"column":33},"end":{"line":178,"column":34}},"loc":{"start":{"line":178,"column":39},"end":{"line":183,"column":3}},"line":178},"13":{"name":"(anonymous_13)","decl":{"start":{"line":179,"column":13},"end":{"line":179,"column":14}},"loc":{"start":{"line":179,"column":24},"end":{"line":182,"column":5}},"line":179},"14":{"name":"(anonymous_14)","decl":{"start":{"line":201,"column":15},"end":{"line":201,"column":16}},"loc":{"start":{"line":201,"column":55},"end":{"line":203,"column":5}},"line":201}},"branchMap":{"0":{"loc":{"start":{"line":35,"column":31},"end":{"line":35,"column":66}},"type":"default-arg","locations":[{"start":{"line":35,"column":64},"end":{"line":35,"column":66}}],"line":35},"1":{"loc":{"start":{"line":42,"column":23},"end":{"line":42,"column":62}},"type":"binary-expr","locations":[{"start":{"line":42,"column":23},"end":{"line":42,"column":43}},{"start":{"line":42,"column":47},"end":{"line":42,"column":62}}],"line":42},"2":{"loc":{"start":{"line":43,"column":18},"end":{"line":43,"column":40}},"type":"binary-expr","locations":[{"start":{"line":43,"column":18},"end":{"line":43,"column":33}},{"start":{"line":43,"column":37},"end":{"line":43,"column":40}}],"line":43},"3":{"loc":{"start":{"line":44,"column":23},"end":{"line":44,"column":51}},"type":"binary-expr","locations":[{"start":{"line":44,"column":23},"end":{"line":44,"column":43}},{"start":{"line":44,"column":47},"end":{"line":44,"column":51}}],"line":44},"4":{"loc":{"start":{"line":56,"column":8},"end":{"line":63,"column":9}},"type":"if","locations":[{"start":{"line":56,"column":8},"end":{"line":63,"column":9}},{"start":{},"end":{}}],"line":56},"5":{"loc":{"start":{"line":60,"column":19},"end":{"line":60,"column":65}},"type":"binary-expr","locations":[{"start":{"line":60,"column":19},"end":{"line":60,"column":41}},{"start":{"line":60,"column":45},"end":{"line":60,"column":65}}],"line":60},"6":{"loc":{"start":{"line":70,"column":8},"end":{"line":77,"column":9}},"type":"if","locations":[{"start":{"line":70,"column":8},"end":{"line":77,"column":9}},{"start":{},"end":{}}],"line":70},"7":{"loc":{"start":{"line":95,"column":29},"end":{"line":95,"column":91}},"type":"cond-expr","locations":[{"start":{"line":95,"column":52},"end":{"line":95,"column":63}},{"start":{"line":95,"column":66},"end":{"line":95,"column":91}}],"line":95},"8":{"loc":{"start":{"line":113,"column":6},"end":{"line":119,"column":7}},"type":"if","locations":[{"start":{"line":113,"column":6},"end":{"line":119,"column":7}},{"start":{},"end":{}}],"line":113},"9":{"loc":{"start":{"line":127,"column":6},"end":{"line":129,"column":7}},"type":"if","locations":[{"start":{"line":127,"column":6},"end":{"line":129,"column":7}},{"start":{},"end":{}}],"line":127},"10":{"loc":{"start":{"line":127,"column":10},"end":{"line":127,"column":51}},"type":"binary-expr","locations":[{"start":{"line":127,"column":10},"end":{"line":127,"column":26}},{"start":{"line":127,"column":30},"end":{"line":127,"column":51}}],"line":127},"11":{"loc":{"start":{"line":131,"column":27},"end":{"line":131,"column":78}},"type":"cond-expr","locations":[{"start":{"line":131,"column":50},"end":{"line":131,"column":61}},{"start":{"line":131,"column":64},"end":{"line":131,"column":78}}],"line":131},"12":{"loc":{"start":{"line":151,"column":6},"end":{"line":153,"column":7}},"type":"if","locations":[{"start":{"line":151,"column":6},"end":{"line":153,"column":7}},{"start":{},"end":{}}],"line":151},"13":{"loc":{"start":{"line":151,"column":10},"end":{"line":151,"column":51}},"type":"binary-expr","locations":[{"start":{"line":151,"column":10},"end":{"line":151,"column":26}},{"start":{"line":151,"column":30},"end":{"line":151,"column":51}}],"line":151},"14":{"loc":{"start":{"line":155,"column":27},"end":{"line":155,"column":79}},"type":"cond-expr","locations":[{"start":{"line":155,"column":50},"end":{"line":155,"column":61}},{"start":{"line":155,"column":64},"end":{"line":155,"column":79}}],"line":155},"15":{"loc":{"start":{"line":202,"column":13},"end":{"line":202,"column":71}},"type":"cond-expr","locations":[{"start":{"line":202,"column":35},"end":{"line":202,"column":51}},{"start":{"line":202,"column":54},"end":{"line":202,"column":71}}],"line":202}},"s":{"0":0,"1":0,"2":0,"3":0,"4":0,"5":0,"6":0,"7":0,"8":0,"9":0,"10":0,"11":0,"12":0,"13":0,"14":0,"15":0,"16":0,"17":0,"18":0,"19":0,"20":0,"21":0,"22":0,"23":0,"24":0,"25":0,"26":0,"27":0,"28":0,"29":0,"30":0,"31":0,"32":0,"33":0,"34":0,"35":0,"36":0,"37":0,"38":0,"39":0,"40":0,"41":0,"42":0,"43":0,"44":0,"45":0,"46":0,"47":0,"48":0,"49":0,"50":0,"51":0,"52":0,"53":0,"54":0,"55":0},"f":{"0":0,"1":0,"2":0,"3":0,"4":0,"5":0,"6":0,"7":0,"8":0,"9":0,"10":0,"11":0,"12":0,"13":0,"14":0},"b":{"0":[0],"1":[0,0],"2":[0,0],"3":[0,0],"4":[0,0],"5":[0,0],"6":[0,0],"7":[0,0],"8":[0,0],"9":[0,0],"10":[0,0],"11":[0,0],"12":[0,0],"13":[0,0],"14":[0,0],"15":[0,0]}}
,"C:\\Users\\Benison\\Desktop\\HomeEase-ReactNative-main\\mobile\\hooks\\useLoadingError.ts": {"path":"C:\\Users\\Benison\\Desktop\\HomeEase-ReactNative-main\\mobile\\hooks\\useLoadingError.ts","statementMap":{"0":{"start":{"line":25,"column":32},"end":{"line":25,"column":47}},"1":{"start":{"line":26,"column":28},"end":{"line":26,"column":57}},"2":{"start":{"line":28,"column":14},"end":{"line":44,"column":8}},"3":{"start":{"line":29,"column":4},"end":{"line":29,"column":21}},"4":{"start":{"line":30,"column":4},"end":{"line":30,"column":19}},"5":{"start":{"line":31,"column":4},"end":{"line":43,"column":5}},"6":{"start":{"line":32,"column":21},"end":{"line":32,"column":31}},"7":{"start":{"line":33,"column":6},"end":{"line":33,"column":20}},"8":{"start":{"line":36,"column":8},"end":{"line":38,"column":53}},"9":{"start":{"line":39,"column":6},"end":{"line":39,"column":24}},"10":{"start":{"line":40,"column":6},"end":{"line":40,"column":18}},"11":{"start":{"line":42,"column":6},"end":{"line":42,"column":24}},"12":{"start":{"line":46,"column":21},"end":{"line":46,"column":58}},"13":{"start":{"line":46,"column":39},"end":{"line":46,"column":53}},"14":{"start":{"line":48,"column":2},"end":{"line":48,"column":45}}},"fnMap":{"0":{"name":"useLoadingError","decl":{"start":{"line":24,"column":16},"end":{"line":24,"column":31}},"loc":{"start":{"line":24,"column":53},"end":{"line":49,"column":1}},"line":24},"1":{"name":"(anonymous_1)","decl":{"start":{"line":28,"column":26},"end":{"line":28,"column":27}},"loc":{"start":{"line":28,"column":80},"end":{"line":44,"column":3}},"line":28},"2":{"name":"(anonymous_2)","decl":{"start":{"line":46,"column":33},"end":{"line":46,"column":34}},"loc":{"start":{"line":46,"column":39},"end":{"line":46,"column":53}},"line":46}},"branchMap":{"0":{"loc":{"start":{"line":36,"column":8},"end":{"line":38,"column":53}},"type":"cond-expr","locations":[{"start":{"line":37,"column":12},"end":{"line":37,"column":23}},{"start":{"line":38,"column":12},"end":{"line":38,"column":53}}],"line":36}},"s":{"0":20,"1":20,"2":20,"3":10,"4":10,"5":10,"6":10,"7":5,"8":5,"9":5,"10":5,"11":10,"12":20,"13":1,"14":20},"f":{"0":20,"1":10,"2":1},"b":{"0":[4,1]},"_coverageSchema":"1a1c01bbd47fc00a2c39e90264f33305004495a9","hash":"2266aa90a4e11f9e2294ae005bd57dd3a9326108"}
,"C:\\Users\\Benison\\Desktop\\HomeEase-ReactNative-main\\mobile\\hooks\\useOfflineSupport.ts": {"path":"C:\\Users\\Benison\\Desktop\\HomeEase-ReactNative-main\\mobile\\hooks\\useOfflineSupport.ts","statementMap":{"0":{"start":{"line":21,"column":34},"end":{"line":21,"column":48}},"1":{"start":{"line":22,"column":46},"end":{"line":22,"column":73}},"2":{"start":{"line":24,"column":2},"end":{"line":58,"column":9}},"3":{"start":{"line":26,"column":24},"end":{"line":35,"column":5}},"4":{"start":{"line":27,"column":6},"end":{"line":34,"column":7}},"5":{"start":{"line":28,"column":22},"end":{"line":28,"column":43}},"6":{"start":{"line":29,"column":8},"end":{"line":29,"column":47}},"7":{"start":{"line":30,"column":8},"end":{"line":30,"column":38}},"8":{"start":{"line":32,"column":8},"end":{"line":32,"column":64}},"9":{"start":{"line":33,"column":8},"end":{"line":33,"column":26}},"10":{"start":{"line":37,"column":4},"end":{"line":37,"column":18}},"11":{"start":{"line":40,"column":24},"end":{"line":53,"column":6}},"12":{"start":{"line":41,"column":24},"end":{"line":41,"column":49}},"13":{"start":{"line":42,"column":6},"end":{"line":42,"column":29}},"14":{"start":{"line":43,"column":6},"end":{"line":43,"column":36}},"15":{"start":{"line":45,"column":6},"end":{"line":47,"column":8}},"16":{"start":{"line":50,"column":6},"end":{"line":52,"column":7}},"17":{"start":{"line":51,"column":8},"end":{"line":51,"column":32}},"18":{"start":{"line":55,"column":4},"end":{"line":57,"column":6}},"19":{"start":{"line":56,"column":6},"end":{"line":56,"column":20}},"20":{"start":{"line":60,"column":2},"end":{"line":60,"column":38}},"21":{"start":{"line":80,"column":38},"end":{"line":82,"column":3}},"22":{"start":{"line":83,"column":32},"end":{"line":83,"column":47}},"23":{"start":{"line":85,"column":27},"end":{"line":87,"column":8}},"24":{"start":{"line":86,"column":4},"end":{"line":86,"column":54}},"25":{"start":{"line":89,"column":18},"end":{"line":99,"column":24}},"26":{"start":{"line":90,"column":4},"end":{"line":90,"column":21}},"27":{"start":{"line":91,"column":4},"end":{"line":98,"column":5}},"28":{"start":{"line":94,"column":6},"end":{"line":94,"column":63}},"29":{"start":{"line":94,"column":37},"end":{"line":94,"column":61}},"30":{"start":{"line":95,"column":6},"end":{"line":95,"column":25}},"31":{"start":{"line":97,"column":6},"end":{"line":97,"column":24}},"32":{"start":{"line":101,"column":2},"end":{"line":110,"column":4}},"33":{"start":{"line":129,"column":26},"end":{"line":129,"column":50}},"34":{"start":{"line":130,"column":40},"end":{"line":130,"column":55}},"35":{"start":{"line":131,"column":32},"end":{"line":131,"column":46}},"36":{"start":{"line":132,"column":28},"end":{"line":132,"column":57}},"37":{"start":{"line":133,"column":23},"end":{"line":133,"column":40}},"38":{"start":{"line":135,"column":21},"end":{"line":135,"column":47}},"39":{"start":{"line":137,"column":20},"end":{"line":205,"column":47}},"40":{"start":{"line":138,"column":4},"end":{"line":138,"column":21}},"41":{"start":{"line":139,"column":4},"end":{"line":139,"column":19}},"42":{"start":{"line":141,"column":4},"end":{"line":204,"column":5}},"43":{"start":{"line":142,"column":6},"end":{"line":181,"column":7}},"44":{"start":{"line":144,"column":23},"end":{"line":144,"column":38}},"45":{"start":{"line":145,"column":8},"end":{"line":145,"column":24}},"46":{"start":{"line":146,"column":8},"end":{"line":146,"column":30}},"47":{"start":{"line":149,"column":26},"end":{"line":152,"column":9}},"48":{"start":{"line":154,"column":8},"end":{"line":154,"column":67}},"49":{"start":{"line":156,"column":8},"end":{"line":156,"column":63}},"50":{"start":{"line":159,"column":23},"end":{"line":159,"column":54}},"51":{"start":{"line":160,"column":8},"end":{"line":180,"column":9}},"52":{"start":{"line":161,"column":10},"end":{"line":176,"column":11}},"53":{"start":{"line":162,"column":52},"end":{"line":162,"column":70}},"54":{"start":{"line":163,"column":30},"end":{"line":163,"column":72}},"55":{"start":{"line":165,"column":12},"end":{"line":172,"column":13}},"56":{"start":{"line":166,"column":14},"end":{"line":166,"column":34}},"57":{"start":{"line":167,"column":14},"end":{"line":167,"column":35}},"58":{"start":{"line":168,"column":14},"end":{"line":168,"column":68}},"59":{"start":{"line":170,"column":14},"end":{"line":170,"column":47}},"60":{"start":{"line":171,"column":14},"end":{"line":171,"column":71}},"61":{"start":{"line":174,"column":12},"end":{"line":174,"column":52}},"62":{"start":{"line":175,"column":12},"end":{"line":175,"column":68}},"63":{"start":{"line":178,"column":10},"end":{"line":178,"column":61}},"64":{"start":{"line":179,"column":10},"end":{"line":179,"column":62}},"65":{"start":{"line":183,"column":6},"end":{"line":201,"column":7}},"66":{"start":{"line":184,"column":8},"end":{"line":184,"column":71}},"67":{"start":{"line":185,"column":8},"end":{"line":185,"column":57}},"68":{"start":{"line":188,"column":23},"end":{"line":188,"column":54}},"69":{"start":{"line":189,"column":8},"end":{"line":200,"column":9}},"70":{"start":{"line":190,"column":10},"end":{"line":197,"column":11}},"71":{"start":{"line":191,"column":41},"end":{"line":191,"column":59}},"72":{"start":{"line":192,"column":12},"end":{"line":192,"column":32}},"73":{"start":{"line":193,"column":12},"end":{"line":193,"column":33}},"74":{"start":{"line":194,"column":12},"end":{"line":194,"column":79}},"75":{"start":{"line":196,"column":12},"end":{"line":196,"column":61}},"76":{"start":{"line":199,"column":10},"end":{"line":199,"column":59}},"77":{"start":{"line":203,"column":6},"end":{"line":203,"column":24}},"78":{"start":{"line":207,"column":2},"end":{"line":209,"column":28}},"79":{"start":{"line":208,"column":4},"end":{"line":208,"column":16}},"80":{"start":{"line":211,"column":2},"end":{"line":217,"column":4}},"81":{"start":{"line":225,"column":2},"end":{"line":225,"column":67}},"82":{"start":{"line":236,"column":2},"end":{"line":238,"column":5}},"83":{"start":{"line":237,"column":4},"end":{"line":237,"column":78}},"84":{"start":{"line":240,"column":2},"end":{"line":240,"column":46}}},"fnMap":{"0":{"name":"useOnlineStatus","decl":{"start":{"line":20,"column":16},"end":{"line":20,"column":31}},"loc":{"start":{"line":20,"column":34},"end":{"line":61,"column":1}},"line":20},"1":{"name":"(anonymous_1)","decl":{"start":{"line":24,"column":12},"end":{"line":24,"column":13}},"loc":{"start":{"line":24,"column":18},"end":{"line":58,"column":3}},"line":24},"2":{"name":"(anonymous_2)","decl":{"start":{"line":26,"column":24},"end":{"line":26,"column":25}},"loc":{"start":{"line":26,"column":36},"end":{"line":35,"column":5}},"line":26},"3":{"name":"(anonymous_3)","decl":{"start":{"line":40,"column":49},"end":{"line":40,"column":50}},"loc":{"start":{"line":40,"column":60},"end":{"line":53,"column":5}},"line":40},"4":{"name":"(anonymous_4)","decl":{"start":{"line":55,"column":11},"end":{"line":55,"column":12}},"loc":{"start":{"line":55,"column":17},"end":{"line":57,"column":5}},"line":55},"5":{"name":"useSyncQueue","decl":{"start":{"line":79,"column":16},"end":{"line":79,"column":28}},"loc":{"start":{"line":79,"column":31},"end":{"line":111,"column":1}},"line":79},"6":{"name":"(anonymous_6)","decl":{"start":{"line":85,"column":39},"end":{"line":85,"column":40}},"loc":{"start":{"line":85,"column":45},"end":{"line":87,"column":3}},"line":85},"7":{"name":"(anonymous_7)","decl":{"start":{"line":89,"column":30},"end":{"line":89,"column":31}},"loc":{"start":{"line":89,"column":42},"end":{"line":99,"column":3}},"line":89},"8":{"name":"(anonymous_8)","decl":{"start":{"line":94,"column":24},"end":{"line":94,"column":25}},"loc":{"start":{"line":94,"column":37},"end":{"line":94,"column":61}},"line":94},"9":{"name":"useOfflineData","decl":{"start":{"line":124,"column":16},"end":{"line":124,"column":30}},"loc":{"start":{"line":128,"column":2},"end":{"line":218,"column":1}},"line":128},"10":{"name":"(anonymous_10)","decl":{"start":{"line":137,"column":32},"end":{"line":137,"column":33}},"loc":{"start":{"line":137,"column":44},"end":{"line":205,"column":3}},"line":137},"11":{"name":"(anonymous_11)","decl":{"start":{"line":207,"column":12},"end":{"line":207,"column":13}},"loc":{"start":{"line":207,"column":18},"end":{"line":209,"column":3}},"line":207},"12":{"name":"handleNetworkRestored","decl":{"start":{"line":224,"column":22},"end":{"line":224,"column":43}},"loc":{"start":{"line":224,"column":61},"end":{"line":228,"column":1}},"line":224},"13":{"name":"initializeOfflineSupport","decl":{"start":{"line":234,"column":16},"end":{"line":234,"column":40}},"loc":{"start":{"line":234,"column":49},"end":{"line":241,"column":1}},"line":234},"14":{"name":"(anonymous_14)","decl":{"start":{"line":236,"column":40},"end":{"line":236,"column":41}},"loc":{"start":{"line":236,"column":49},"end":{"line":238,"column":3}},"line":236}},"branchMap":{"0":{"loc":{"start":{"line":29,"column":20},"end":{"line":29,"column":45}},"type":"binary-expr","locations":[{"start":{"line":29,"column":20},"end":{"line":29,"column":37}},{"start":{"line":29,"column":41},"end":{"line":29,"column":45}}],"line":29},"1":{"loc":{"start":{"line":41,"column":24},"end":{"line":41,"column":49}},"type":"binary-expr","locations":[{"start":{"line":41,"column":24},"end":{"line":41,"column":41}},{"start":{"line":41,"column":45},"end":{"line":41,"column":49}}],"line":41},"2":{"loc":{"start":{"line":46,"column":21},"end":{"line":46,"column":59}},"type":"cond-expr","locations":[{"start":{"line":46,"column":33},"end":{"line":46,"column":44}},{"start":{"line":46,"column":47},"end":{"line":46,"column":59}}],"line":46},"3":{"loc":{"start":{"line":50,"column":6},"end":{"line":52,"column":7}},"type":"if","locations":[{"start":{"line":50,"column":6},"end":{"line":52,"column":7}},{"start":{},"end":{}}],"line":50},"4":{"loc":{"start":{"line":104,"column":13},"end":{"line":104,"column":44}},"type":"binary-expr","locations":[{"start":{"line":104,"column":13},"end":{"line":104,"column":20}},{"start":{"line":104,"column":24},"end":{"line":104,"column":44}}],"line":104},"5":{"loc":{"start":{"line":127,"column":2},"end":{"line":127,"column":39}},"type":"default-arg","locations":[{"start":{"line":127,"column":37},"end":{"line":127,"column":39}}],"line":127},"6":{"loc":{"start":{"line":135,"column":21},"end":{"line":135,"column":47}},"type":"binary-expr","locations":[{"start":{"line":135,"column":21},"end":{"line":135,"column":39}},{"start":{"line":135,"column":43},"end":{"line":135,"column":47}}],"line":135},"7":{"loc":{"start":{"line":142,"column":6},"end":{"line":181,"column":7}},"type":"if","locations":[{"start":{"line":142,"column":6},"end":{"line":181,"column":7}},{"start":{"line":157,"column":13},"end":{"line":181,"column":7}}],"line":142},"8":{"loc":{"start":{"line":160,"column":8},"end":{"line":180,"column":9}},"type":"if","locations":[{"start":{"line":160,"column":8},"end":{"line":180,"column":9}},{"start":{"line":177,"column":15},"end":{"line":180,"column":9}}],"line":160},"9":{"loc":{"start":{"line":165,"column":12},"end":{"line":172,"column":13}},"type":"if","locations":[{"start":{"line":165,"column":12},"end":{"line":172,"column":13}},{"start":{"line":169,"column":19},"end":{"line":172,"column":13}}],"line":165},"10":{"loc":{"start":{"line":183,"column":6},"end":{"line":201,"column":7}},"type":"if","locations":[{"start":{"line":183,"column":6},"end":{"line":201,"column":7}},{"start":{"line":186,"column":13},"end":{"line":201,"column":7}}],"line":183},"11":{"loc":{"start":{"line":184,"column":17},"end":{"line":184,"column":69}},"type":"cond-expr","locations":[{"start":{"line":184,"column":40},"end":{"line":184,"column":51}},{"start":{"line":184,"column":54},"end":{"line":184,"column":69}}],"line":184},"12":{"loc":{"start":{"line":189,"column":8},"end":{"line":200,"column":9}},"type":"if","locations":[{"start":{"line":189,"column":8},"end":{"line":200,"column":9}},{"start":{"line":198,"column":15},"end":{"line":200,"column":9}}],"line":189}},"s":{"0":0,"1":0,"2":0,"3":0,"4":0,"5":0,"6":0,"7":0,"8":0,"9":0,"10":0,"11":0,"12":0,"13":0,"14":0,"15":0,"16":0,"17":0,"18":0,"19":0,"20":0,"21":0,"22":0,"23":0,"24":0,"25":0,"26":0,"27":0,"28":0,"29":0,"30":0,"31":0,"32":0,"33":0,"34":0,"35":0,"36":0,"37":0,"38":0,"39":0,"40":0,"41":0,"42":0,"43":0,"44":0,"45":0,"46":0,"47":0,"48":0,"49":0,"50":0,"51":0,"52":0,"53":0,"54":0,"55":0,"56":0,"57":0,"58":0,"59":0,"60":0,"61":0,"62":0,"63":0,"64":0,"65":0,"66":0,"67":0,"68":0,"69":0,"70":0,"71":0,"72":0,"73":0,"74":0,"75":0,"76":0,"77":0,"78":0,"79":0,"80":0,"81":0,"82":0,"83":0,"84":0},"f":{"0":0,"1":0,"2":0,"3":0,"4":0,"5":0,"6":0,"7":0,"8":0,"9":0,"10":0,"11":0,"12":0,"13":0,"14":0},"b":{"0":[0,0],"1":[0,0],"2":[0,0],"3":[0,0],"4":[0,0],"5":[0],"6":[0,0],"7":[0,0],"8":[0,0],"9":[0,0],"10":[0,0],"11":[0,0],"12":[0,0]}}
,"C:\\Users\\Benison\\Desktop\\HomeEase-ReactNative-main\\mobile\\hooks\\useWorkerCapacity.ts": {"path":"C:\\Users\\Benison\\Desktop\\HomeEase-ReactNative-main\\mobile\\hooks\\useWorkerCapacity.ts","statementMap":{"0":{"start":{"line":3,"column":28},"end":{"line":3,"column":29}},"1":{"start":{"line":16,"column":19},"end":{"line":16,"column":53}},"2":{"start":{"line":16,"column":42},"end":{"line":16,"column":52}},"3":{"start":{"line":18,"column":2},"end":{"line":25,"column":3}},"4":{"start":{"line":19,"column":4},"end":{"line":24,"column":6}},"5":{"start":{"line":27,"column":25},"end":{"line":35,"column":10}},"6":{"start":{"line":29,"column":6},"end":{"line":34,"column":37}},"7":{"start":{"line":37,"column":23},"end":{"line":37,"column":60}},"8":{"start":{"line":39,"column":2},"end":{"line":44,"column":4}}},"fnMap":{"0":{"name":"useWorkerCapacity","decl":{"start":{"line":15,"column":16},"end":{"line":15,"column":33}},"loc":{"start":{"line":15,"column":61},"end":{"line":45,"column":1}},"line":15},"1":{"name":"(anonymous_1)","decl":{"start":{"line":16,"column":35},"end":{"line":16,"column":36}},"loc":{"start":{"line":16,"column":42},"end":{"line":16,"column":52}},"line":16},"2":{"name":"(anonymous_2)","decl":{"start":{"line":28,"column":4},"end":{"line":28,"column":5}},"loc":{"start":{"line":29,"column":6},"end":{"line":34,"column":37}},"line":29}},"branchMap":{"0":{"loc":{"start":{"line":18,"column":2},"end":{"line":25,"column":3}},"type":"if","locations":[{"start":{"line":18,"column":2},"end":{"line":25,"column":3}},{"start":{},"end":{}}],"line":18},"1":{"loc":{"start":{"line":29,"column":6},"end":{"line":34,"column":37}},"type":"binary-expr","locations":[{"start":{"line":29,"column":6},"end":{"line":29,"column":29}},{"start":{"line":30,"column":7},"end":{"line":30,"column":30}},{"start":{"line":31,"column":8},"end":{"line":31,"column":29}},{"start":{"line":32,"column":8},"end":{"line":32,"column":33}},{"start":{"line":33,"column":8},"end":{"line":33,"column":37}},{"start":{"line":34,"column":8},"end":{"line":34,"column":36}}],"line":29}},"s":{"0":0,"1":0,"2":0,"3":0,"4":0,"5":0,"6":0,"7":0,"8":0},"f":{"0":0,"1":0,"2":0},"b":{"0":[0,0],"1":[0,0,0,0,0,0]}}
,"C:\\Users\\Benison\\Desktop\\HomeEase-ReactNative-main\\mobile\\utils\\apiErrorHandling.ts": {"path":"C:\\Users\\Benison\\Desktop\\HomeEase-ReactNative-main\\mobile\\utils\\apiErrorHandling.ts","statementMap":{"0":{"start":{"line":23,"column":2},"end":{"line":85,"column":3}},"1":{"start":{"line":25,"column":4},"end":{"line":50,"column":5}},"2":{"start":{"line":26,"column":6},"end":{"line":33,"column":7}},"3":{"start":{"line":27,"column":8},"end":{"line":32,"column":10}},"4":{"start":{"line":35,"column":6},"end":{"line":42,"column":7}},"5":{"start":{"line":36,"column":8},"end":{"line":41,"column":10}},"6":{"start":{"line":44,"column":6},"end":{"line":49,"column":8}},"7":{"start":{"line":53,"column":4},"end":{"line":61,"column":5}},"8":{"start":{"line":54,"column":6},"end":{"line":60,"column":8}},"9":{"start":{"line":64,"column":4},"end":{"line":72,"column":5}},"10":{"start":{"line":65,"column":6},"end":{"line":71,"column":8}},"11":{"start":{"line":75,"column":4},"end":{"line":84,"column":5}},"12":{"start":{"line":76,"column":22},"end":{"line":76,"column":71}},"13":{"start":{"line":77,"column":6},"end":{"line":83,"column":8}},"14":{"start":{"line":87,"column":2},"end":{"line":87,"column":31}},"15":{"start":{"line":94,"column":19},"end":{"line":94,"column":44}},"16":{"start":{"line":95,"column":2},"end":{"line":95,"column":37}},"17":{"start":{"line":96,"column":2},"end":{"line":96,"column":18}},"18":{"start":{"line":106,"column":2},"end":{"line":112,"column":3}},"19":{"start":{"line":107,"column":17},"end":{"line":107,"column":45}},"20":{"start":{"line":108,"column":4},"end":{"line":108,"column":20}},"21":{"start":{"line":110,"column":21},"end":{"line":110,"column":60}},"22":{"start":{"line":111,"column":4},"end":{"line":111,"column":31}},"23":{"start":{"line":123,"column":26},"end":{"line":123,"column":50}},"24":{"start":{"line":124,"column":28},"end":{"line":124,"column":59}},"25":{"start":{"line":125,"column":32},"end":{"line":125,"column":47}},"26":{"start":{"line":127,"column":15},"end":{"line":150,"column":3}},"27":{"start":{"line":132,"column":6},"end":{"line":132,"column":23}},"28":{"start":{"line":133,"column":6},"end":{"line":133,"column":21}},"29":{"start":{"line":134,"column":6},"end":{"line":147,"column":7}},"30":{"start":{"line":135,"column":23},"end":{"line":138,"column":10}},"31":{"start":{"line":139,"column":8},"end":{"line":139,"column":24}},"32":{"start":{"line":140,"column":8},"end":{"line":140,"column":22}},"33":{"start":{"line":142,"column":25},"end":{"line":142,"column":62}},"34":{"start":{"line":143,"column":8},"end":{"line":143,"column":27}},"35":{"start":{"line":144,"column":8},"end":{"line":144,"column":23}},"36":{"start":{"line":146,"column":8},"end":{"line":146,"column":26}},"37":{"start":{"line":152,"column":2},"end":{"line":152,"column":40}},"38":{"start":{"line":160,"column":52},"end":{"line":160,"column":56}},"39":{"start":{"line":163,"column":4},"end":{"line":163,"column":49}},"40":{"start":{"line":164,"column":4},"end":{"line":164,"column":32}},"41":{"start":{"line":168,"column":4},"end":{"line":168,"column":34}},"42":{"start":{"line":169,"column":4},"end":{"line":169,"column":32}},"43":{"start":{"line":173,"column":4},"end":{"line":173,"column":57}},"44":{"start":{"line":177,"column":4},"end":{"line":177,"column":17}},"45":{"start":{"line":196,"column":27},"end":{"line":196,"column":29}},"46":{"start":{"line":198,"column":2},"end":{"line":200,"column":3}},"47":{"start":{"line":199,"column":4},"end":{"line":199,"column":35}},"48":{"start":{"line":202,"column":2},"end":{"line":205,"column":3}},"49":{"start":{"line":203,"column":4},"end":{"line":203,"column":45}},"50":{"start":{"line":204,"column":4},"end":{"line":204,"column":36}},"51":{"start":{"line":207,"column":2},"end":{"line":211,"column":3}},"52":{"start":{"line":208,"column":4},"end":{"line":210,"column":5}},"53":{"start":{"line":209,"column":6},"end":{"line":209,"column":50}},"54":{"start":{"line":213,"column":2},"end":{"line":213,"column":48}},"55":{"start":{"line":226,"column":25},"end":{"line":230,"column":4}},"56":{"start":{"line":227,"column":4},"end":{"line":229,"column":18}},"57":{"start":{"line":228,"column":6},"end":{"line":228,"column":73}},"58":{"start":{"line":232,"column":2},"end":{"line":238,"column":3}},"59":{"start":{"line":233,"column":4},"end":{"line":233,"column":57}},"60":{"start":{"line":235,"column":4},"end":{"line":237,"column":5}},"61":{"start":{"line":236,"column":6},"end":{"line":236,"column":34}},"62":{"start":{"line":254,"column":18},"end":{"line":256,"column":3}},"63":{"start":{"line":255,"column":24},"end":{"line":255,"column":50}},"64":{"start":{"line":258,"column":25},"end":{"line":258,"column":27}},"65":{"start":{"line":259,"column":52},"end":{"line":259,"column":54}},"66":{"start":{"line":261,"column":2},"end":{"line":273,"column":3}},"67":{"start":{"line":262,"column":4},"end":{"line":272,"column":5}},"68":{"start":{"line":263,"column":6},"end":{"line":267,"column":7}},"69":{"start":{"line":264,"column":8},"end":{"line":264,"column":42}},"70":{"start":{"line":265,"column":13},"end":{"line":267,"column":7}},"71":{"start":{"line":266,"column":8},"end":{"line":266,"column":53}},"72":{"start":{"line":269,"column":6},"end":{"line":271,"column":9}},"73":{"start":{"line":275,"column":2},"end":{"line":275,"column":33}}},"fnMap":{"0":{"name":"classifyAxiosError","decl":{"start":{"line":22,"column":16},"end":{"line":22,"column":34}},"loc":{"start":{"line":22,"column":61},"end":{"line":88,"column":1}},"line":22},"1":{"name":"handleApiError","decl":{"start":{"line":93,"column":16},"end":{"line":93,"column":30}},"loc":{"start":{"line":93,"column":78},"end":{"line":97,"column":1}},"line":93},"2":{"name":"safeApiCall","decl":{"start":{"line":102,"column":22},"end":{"line":102,"column":33}},"loc":{"start":{"line":105,"column":43},"end":{"line":113,"column":1}},"line":105},"3":{"name":"useApiCall","decl":{"start":{"line":120,"column":16},"end":{"line":120,"column":26}},"loc":{"start":{"line":122,"column":2},"end":{"line":153,"column":1}},"line":122},"4":{"name":"(anonymous_4)","decl":{"start":{"line":128,"column":4},"end":{"line":128,"column":5}},"loc":{"start":{"line":131,"column":9},"end":{"line":148,"column":5}},"line":131},"5":{"name":"(anonymous_5)","decl":{"start":{"line":162,"column":2},"end":{"line":162,"column":3}},"loc":{"start":{"line":162,"column":28},"end":{"line":165,"column":3}},"line":162},"6":{"name":"(anonymous_6)","decl":{"start":{"line":167,"column":2},"end":{"line":167,"column":3}},"loc":{"start":{"line":167,"column":16},"end":{"line":170,"column":3}},"line":167},"7":{"name":"(anonymous_7)","decl":{"start":{"line":172,"column":2},"end":{"line":172,"column":3}},"loc":{"start":{"line":172,"column":23},"end":{"line":174,"column":3}},"line":172},"8":{"name":"(anonymous_8)","decl":{"start":{"line":176,"column":2},"end":{"line":176,"column":3}},"loc":{"start":{"line":176,"column":18},"end":{"line":178,"column":3}},"line":176},"9":{"name":"validateApiContract","decl":{"start":{"line":192,"column":16},"end":{"line":192,"column":35}},"loc":{"start":{"line":195,"column":40},"end":{"line":214,"column":1}},"line":195},"10":{"name":"withTimeout","decl":{"start":{"line":220,"column":22},"end":{"line":220,"column":33}},"loc":{"start":{"line":223,"column":14},"end":{"line":239,"column":1}},"line":223},"11":{"name":"(anonymous_11)","decl":{"start":{"line":226,"column":44},"end":{"line":226,"column":45}},"loc":{"start":{"line":226,"column":59},"end":{"line":230,"column":3}},"line":226},"12":{"name":"(anonymous_12)","decl":{"start":{"line":227,"column":31},"end":{"line":227,"column":32}},"loc":{"start":{"line":227,"column":37},"end":{"line":229,"column":5}},"line":227},"13":{"name":"batchApiCalls","decl":{"start":{"line":250,"column":22},"end":{"line":250,"column":35}},"loc":{"start":{"line":253,"column":27},"end":{"line":276,"column":1}},"line":253},"14":{"name":"(anonymous_14)","decl":{"start":{"line":255,"column":14},"end":{"line":255,"column":15}},"loc":{"start":{"line":255,"column":24},"end":{"line":255,"column":50}},"line":255}},"branchMap":{"0":{"loc":{"start":{"line":23,"column":2},"end":{"line":85,"column":3}},"type":"if","locations":[{"start":{"line":23,"column":2},"end":{"line":85,"column":3}},{"start":{},"end":{}}],"line":23},"1":{"loc":{"start":{"line":25,"column":4},"end":{"line":50,"column":5}},"type":"if","locations":[{"start":{"line":25,"column":4},"end":{"line":50,"column":5}},{"start":{},"end":{}}],"line":25},"2":{"loc":{"start":{"line":26,"column":6},"end":{"line":33,"column":7}},"type":"if","locations":[{"start":{"line":26,"column":6},"end":{"line":33,"column":7}},{"start":{},"end":{}}],"line":26},"3":{"loc":{"start":{"line":35,"column":6},"end":{"line":42,"column":7}},"type":"if","locations":[{"start":{"line":35,"column":6},"end":{"line":42,"column":7}},{"start":{},"end":{}}],"line":35},"4":{"loc":{"start":{"line":53,"column":4},"end":{"line":61,"column":5}},"type":"if","locations":[{"start":{"line":53,"column":4},"end":{"line":61,"column":5}},{"start":{},"end":{}}],"line":53},"5":{"loc":{"start":{"line":56,"column":17},"end":{"line":56,"column":63}},"type":"binary-expr","locations":[{"start":{"line":56,"column":17},"end":{"line":56,"column":45}},{"start":{"line":56,"column":49},"end":{"line":56,"column":63}}],"line":56},"6":{"loc":{"start":{"line":64,"column":4},"end":{"line":72,"column":5}},"type":"if","locations":[{"start":{"line":64,"column":4},"end":{"line":72,"column":5}},{"start":{},"end":{}}],"line":64},"7":{"loc":{"start":{"line":64,"column":8},"end":{"line":64,"column":70}},"type":"binary-expr","locations":[{"start":{"line":64,"column":8},"end":{"line":64,"column":37}},{"start":{"line":64,"column":41},"end":{"line":64,"column":70}}],"line":64},"8":{"loc":{"start":{"line":75,"column":4},"end":{"line":84,"column":5}},"type":"if","locations":[{"start":{"line":75,"column":4},"end":{"line":84,"column":5}},{"start":{},"end":{}}],"line":75},"9":{"loc":{"start":{"line":75,"column":8},"end":{"line":75,"column":67}},"type":"binary-expr","locations":[{"start":{"line":75,"column":8},"end":{"line":75,"column":36}},{"start":{"line":75,"column":40},"end":{"line":75,"column":67}}],"line":75},"10":{"loc":{"start":{"line":76,"column":22},"end":{"line":76,"column":71}},"type":"binary-expr","locations":[{"start":{"line":76,"column":22},"end":{"line":76,"column":50}},{"start":{"line":76,"column":54},"end":{"line":76,"column":71}}],"line":76},"11":{"loc":{"start":{"line":173,"column":11},"end":{"line":173,"column":56}},"type":"binary-expr","locations":[{"start":{"line":173,"column":11},"end":{"line":173,"column":47}},{"start":{"line":173,"column":51},"end":{"line":173,"column":56}}],"line":173},"12":{"loc":{"start":{"line":198,"column":2},"end":{"line":200,"column":3}},"type":"if","locations":[{"start":{"line":198,"column":2},"end":{"line":200,"column":3}},{"start":{},"end":{}}],"line":198},"13":{"loc":{"start":{"line":202,"column":2},"end":{"line":205,"column":3}},"type":"if","locations":[{"start":{"line":202,"column":2},"end":{"line":205,"column":3}},{"start":{},"end":{}}],"line":202},"14":{"loc":{"start":{"line":202,"column":6},"end":{"line":202,"column":47}},"type":"binary-expr","locations":[{"start":{"line":202,"column":6},"end":{"line":202,"column":15}},{"start":{"line":202,"column":19},"end":{"line":202,"column":47}}],"line":202},"15":{"loc":{"start":{"line":208,"column":4},"end":{"line":210,"column":5}},"type":"if","locations":[{"start":{"line":208,"column":4},"end":{"line":210,"column":5}},{"start":{},"end":{}}],"line":208},"16":{"loc":{"start":{"line":222,"column":2},"end":{"line":222,"column":27}},"type":"default-arg","locations":[{"start":{"line":222,"column":22},"end":{"line":222,"column":27}}],"line":222},"17":{"loc":{"start":{"line":235,"column":4},"end":{"line":237,"column":5}},"type":"if","locations":[{"start":{"line":235,"column":4},"end":{"line":237,"column":5}},{"start":{},"end":{}}],"line":235},"18":{"loc":{"start":{"line":262,"column":4},"end":{"line":272,"column":5}},"type":"if","locations":[{"start":{"line":262,"column":4},"end":{"line":272,"column":5}},{"start":{"line":268,"column":11},"end":{"line":272,"column":5}}],"line":262},"19":{"loc":{"start":{"line":263,"column":6},"end":{"line":267,"column":7}},"type":"if","locations":[{"start":{"line":263,"column":6},"end":{"line":267,"column":7}},{"start":{"line":265,"column":13},"end":{"line":267,"column":7}}],"line":263},"20":{"loc":{"start":{"line":265,"column":13},"end":{"line":267,"column":7}},"type":"if","locations":[{"start":{"line":265,"column":13},"end":{"line":267,"column":7}},{"start":{},"end":{}}],"line":265}},"s":{"0":0,"1":0,"2":0,"3":0,"4":0,"5":0,"6":0,"7":0,"8":0,"9":0,"10":0,"11":0,"12":0,"13":0,"14":0,"15":0,"16":0,"17":0,"18":0,"19":0,"20":0,"21":0,"22":0,"23":0,"24":0,"25":0,"26":0,"27":0,"28":0,"29":0,"30":0,"31":0,"32":0,"33":0,"34":0,"35":0,"36":0,"37":0,"38":0,"39":0,"40":0,"41":0,"42":0,"43":0,"44":0,"45":0,"46":0,"47":0,"48":0,"49":0,"50":0,"51":0,"52":0,"53":0,"54":0,"55":0,"56":0,"57":0,"58":0,"59":0,"60":0,"61":0,"62":0,"63":0,"64":0,"65":0,"66":0,"67":0,"68":0,"69":0,"70":0,"71":0,"72":0,"73":0},"f":{"0":0,"1":0,"2":0,"3":0,"4":0,"5":0,"6":0,"7":0,"8":0,"9":0,"10":0,"11":0,"12":0,"13":0,"14":0},"b":{"0":[0,0],"1":[0,0],"2":[0,0],"3":[0,0],"4":[0,0],"5":[0,0],"6":[0,0],"7":[0,0],"8":[0,0],"9":[0,0],"10":[0,0],"11":[0,0],"12":[0,0],"13":[0,0],"14":[0,0],"15":[0,0],"16":[0],"17":[0,0],"18":[0,0],"19":[0,0],"20":[0,0]}}
,"C:\\Users\\Benison\\Desktop\\HomeEase-ReactNative-main\\mobile\\utils\\apiErrors.ts": {"path":"C:\\Users\\Benison\\Desktop\\HomeEase-ReactNative-main\\mobile\\utils\\apiErrors.ts","statementMap":{"0":{"start":{"line":10,"column":2},"end":{"line":12,"column":3}},"1":{"start":{"line":11,"column":4},"end":{"line":11,"column":80}},"2":{"start":{"line":14,"column":2},"end":{"line":19,"column":3}},"3":{"start":{"line":15,"column":4},"end":{"line":18,"column":6}},"4":{"start":{"line":21,"column":2},"end":{"line":34,"column":3}},"5":{"start":{"line":22,"column":4},"end":{"line":28,"column":5}},"6":{"start":{"line":23,"column":6},"end":{"line":27,"column":8}},"7":{"start":{"line":29,"column":4},"end":{"line":33,"column":6}},"8":{"start":{"line":36,"column":2},"end":{"line":39,"column":4}},"9":{"start":{"line":51,"column":2},"end":{"line":56,"column":4}}},"fnMap":{"0":{"name":"normalizeError","decl":{"start":{"line":9,"column":16},"end":{"line":9,"column":30}},"loc":{"start":{"line":9,"column":60},"end":{"line":40,"column":1}},"line":9},"1":{"name":"isHttpError","decl":{"start":{"line":50,"column":16},"end":{"line":50,"column":27}},"loc":{"start":{"line":50,"column":60},"end":{"line":57,"column":1}},"line":50}},"branchMap":{"0":{"loc":{"start":{"line":10,"column":2},"end":{"line":12,"column":3}},"type":"if","locations":[{"start":{"line":10,"column":2},"end":{"line":12,"column":3}},{"start":{},"end":{}}],"line":10},"1":{"loc":{"start":{"line":14,"column":2},"end":{"line":19,"column":3}},"type":"if","locations":[{"start":{"line":14,"column":2},"end":{"line":19,"column":3}},{"start":{},"end":{}}],"line":14},"2":{"loc":{"start":{"line":21,"column":2},"end":{"line":34,"column":3}},"type":"if","locations":[{"start":{"line":21,"column":2},"end":{"line":34,"column":3}},{"start":{},"end":{}}],"line":21},"3":{"loc":{"start":{"line":22,"column":4},"end":{"line":28,"column":5}},"type":"if","locations":[{"start":{"line":22,"column":4},"end":{"line":28,"column":5}},{"start":{},"end":{}}],"line":22},"4":{"loc":{"start":{"line":31,"column":15},"end":{"line":31,"column":70}},"type":"binary-expr","locations":[{"start":{"line":31,"column":15},"end":{"line":31,"column":26}},{"start":{"line":31,"column":30},"end":{"line":31,"column":70}}],"line":31},"5":{"loc":{"start":{"line":52,"column":4},"end":{"line":55,"column":43}},"type":"binary-expr","locations":[{"start":{"line":52,"column":4},"end":{"line":52,"column":27}},{"start":{"line":53,"column":4},"end":{"line":53,"column":16}},{"start":{"line":54,"column":4},"end":{"line":54,"column":19}},{"start":{"line":55,"column":4},"end":{"line":55,"column":43}}],"line":52}},"s":{"0":0,"1":0,"2":0,"3":0,"4":0,"5":0,"6":0,"7":0,"8":0,"9":0},"f":{"0":0,"1":0},"b":{"0":[0,0],"1":[0,0],"2":[0,0],"3":[0,0],"4":[0,0],"5":[0,0,0,0]}}
,"C:\\Users\\Benison\\Desktop\\HomeEase-ReactNative-main\\mobile\\utils\\errorHandling.ts": {"path":"C:\\Users\\Benison\\Desktop\\HomeEase-ReactNative-main\\mobile\\utils\\errorHandling.ts","statementMap":{"0":{"start":{"line":28,"column":2},"end":{"line":35,"column":3}},"1":{"start":{"line":29,"column":4},"end":{"line":34,"column":6}},"2":{"start":{"line":37,"column":2},"end":{"line":44,"column":3}},"3":{"start":{"line":38,"column":4},"end":{"line":43,"column":6}},"4":{"start":{"line":46,"column":2},"end":{"line":53,"column":3}},"5":{"start":{"line":47,"column":4},"end":{"line":52,"column":6}},"6":{"start":{"line":56,"column":2},"end":{"line":88,"column":3}},"7":{"start":{"line":57,"column":23},"end":{"line":57,"column":35}},"8":{"start":{"line":59,"column":4},"end":{"line":67,"column":5}},"9":{"start":{"line":60,"column":6},"end":{"line":66,"column":8}},"10":{"start":{"line":69,"column":4},"end":{"line":77,"column":5}},"11":{"start":{"line":70,"column":6},"end":{"line":76,"column":8}},"12":{"start":{"line":79,"column":4},"end":{"line":87,"column":5}},"13":{"start":{"line":80,"column":6},"end":{"line":86,"column":8}},"14":{"start":{"line":91,"column":2},"end":{"line":99,"column":3}},"15":{"start":{"line":92,"column":4},"end":{"line":98,"column":6}},"16":{"start":{"line":102,"column":2},"end":{"line":109,"column":3}},"17":{"start":{"line":103,"column":4},"end":{"line":108,"column":6}},"18":{"start":{"line":112,"column":2},"end":{"line":117,"column":4}},"19":{"start":{"line":126,"column":4},"end":{"line":126,"column":19}},"20":{"start":{"line":127,"column":4},"end":{"line":127,"column":31}},"21":{"start":{"line":133,"column":4},"end":{"line":133,"column":19}},"22":{"start":{"line":134,"column":4},"end":{"line":134,"column":31}},"23":{"start":{"line":140,"column":4},"end":{"line":140,"column":19}},"24":{"start":{"line":141,"column":4},"end":{"line":141,"column":38}},"25":{"start":{"line":149,"column":4},"end":{"line":149,"column":19}},"26":{"start":{"line":150,"column":4},"end":{"line":150,"column":34}},"27":{"start":{"line":151,"column":4},"end":{"line":151,"column":25}},"28":{"start":{"line":166,"column":2},"end":{"line":171,"column":4}},"29":{"start":{"line":175,"column":2},"end":{"line":175,"column":39}},"30":{"start":{"line":179,"column":2},"end":{"line":179,"column":39}},"31":{"start":{"line":196,"column":29},"end":{"line":196,"column":31}},"32":{"start":{"line":197,"column":20},"end":{"line":197,"column":23}},"33":{"start":{"line":200,"column":26},"end":{"line":207,"column":5}},"34":{"start":{"line":209,"column":4},"end":{"line":209,"column":24}},"35":{"start":{"line":212,"column":4},"end":{"line":214,"column":5}},"36":{"start":{"line":213,"column":6},"end":{"line":213,"column":49}},"37":{"start":{"line":217,"column":4},"end":{"line":222,"column":5}},"38":{"start":{"line":218,"column":6},"end":{"line":221,"column":8}},"39":{"start":{"line":229,"column":4},"end":{"line":229,"column":26}},"40":{"start":{"line":233,"column":4},"end":{"line":233,"column":19}},"41":{"start":{"line":237,"column":4},"end":{"line":237,"column":46}},"42":{"start":{"line":241,"column":27},"end":{"line":241,"column":44}},"43":{"start":{"line":254,"column":2},"end":{"line":258,"column":4}},"44":{"start":{"line":283,"column":6},"end":{"line":283,"column":13}},"45":{"start":{"line":282,"column":29},"end":{"line":282,"column":46}},"46":{"start":{"line":285,"column":35},"end":{"line":285,"column":39}},"47":{"start":{"line":287,"column":2},"end":{"line":311,"column":3}},"48":{"start":{"line":287,"column":21},"end":{"line":287,"column":22}},"49":{"start":{"line":288,"column":4},"end":{"line":310,"column":5}},"50":{"start":{"line":289,"column":6},"end":{"line":289,"column":24}},"51":{"start":{"line":291,"column":6},"end":{"line":291,"column":40}},"52":{"start":{"line":294,"column":6},"end":{"line":296,"column":7}},"53":{"start":{"line":295,"column":8},"end":{"line":295,"column":24}},"54":{"start":{"line":299,"column":20},"end":{"line":302,"column":7}},"55":{"start":{"line":304,"column":6},"end":{"line":307,"column":8}},"56":{"start":{"line":309,"column":6},"end":{"line":309,"column":65}},"57":{"start":{"line":309,"column":37},"end":{"line":309,"column":63}},"58":{"start":{"line":314,"column":2},"end":{"line":314,"column":47}},"59":{"start":{"line":323,"column":2},"end":{"line":334,"column":3}},"60":{"start":{"line":324,"column":25},"end":{"line":324,"column":37}},"61":{"start":{"line":325,"column":4},"end":{"line":333,"column":6}},"62":{"start":{"line":326,"column":6},"end":{"line":331,"column":7}},"63":{"start":{"line":330,"column":8},"end":{"line":330,"column":15}},"64":{"start":{"line":332,"column":6},"end":{"line":332,"column":40}},"65":{"start":{"line":336,"column":2},"end":{"line":336,"column":65}},"66":{"start":{"line":344,"column":2},"end":{"line":344,"column":86}}},"fnMap":{"0":{"name":"normalizeError","decl":{"start":{"line":26,"column":16},"end":{"line":26,"column":30}},"loc":{"start":{"line":26,"column":57},"end":{"line":118,"column":1}},"line":26},"1":{"name":"(anonymous_1)","decl":{"start":{"line":125,"column":2},"end":{"line":125,"column":3}},"loc":{"start":{"line":125,"column":49},"end":{"line":128,"column":3}},"line":125},"2":{"name":"(anonymous_2)","decl":{"start":{"line":132,"column":2},"end":{"line":132,"column":3}},"loc":{"start":{"line":132,"column":51},"end":{"line":135,"column":3}},"line":132},"3":{"name":"(anonymous_3)","decl":{"start":{"line":139,"column":2},"end":{"line":139,"column":3}},"loc":{"start":{"line":139,"column":57},"end":{"line":142,"column":3}},"line":139},"4":{"name":"(anonymous_4)","decl":{"start":{"line":148,"column":2},"end":{"line":148,"column":3}},"loc":{"start":{"line":148,"column":68},"end":{"line":152,"column":3}},"line":148},"5":{"name":"isApiErrorResponse","decl":{"start":{"line":165,"column":16},"end":{"line":165,"column":34}},"loc":{"start":{"line":165,"column":78},"end":{"line":172,"column":1}},"line":165},"6":{"name":"isNetworkError","decl":{"start":{"line":174,"column":16},"end":{"line":174,"column":30}},"loc":{"start":{"line":174,"column":70},"end":{"line":176,"column":1}},"line":174},"7":{"name":"isTimeoutError","decl":{"start":{"line":178,"column":16},"end":{"line":178,"column":30}},"loc":{"start":{"line":178,"column":70},"end":{"line":180,"column":1}},"line":178},"8":{"name":"(anonymous_8)","decl":{"start":{"line":199,"column":2},"end":{"line":199,"column":3}},"loc":{"start":{"line":199,"column":60},"end":{"line":226,"column":3}},"line":199},"9":{"name":"(anonymous_9)","decl":{"start":{"line":228,"column":2},"end":{"line":228,"column":3}},"loc":{"start":{"line":228,"column":24},"end":{"line":230,"column":3}},"line":228},"10":{"name":"(anonymous_10)","decl":{"start":{"line":232,"column":2},"end":{"line":232,"column":3}},"loc":{"start":{"line":232,"column":20},"end":{"line":234,"column":3}},"line":232},"11":{"name":"(anonymous_11)","decl":{"start":{"line":236,"column":2},"end":{"line":236,"column":3}},"loc":{"start":{"line":236,"column":23},"end":{"line":238,"column":3}},"line":236},"12":{"name":"captureErrorBoundary","decl":{"start":{"line":253,"column":16},"end":{"line":253,"column":36}},"loc":{"start":{"line":253,"column":87},"end":{"line":259,"column":1}},"line":253},"13":{"name":"withRetry","decl":{"start":{"line":273,"column":22},"end":{"line":273,"column":31}},"loc":{"start":{"line":276,"column":14},"end":{"line":315,"column":1}},"line":276},"14":{"name":"(anonymous_14)","decl":{"start":{"line":282,"column":18},"end":{"line":282,"column":19}},"loc":{"start":{"line":282,"column":29},"end":{"line":282,"column":46}},"line":282},"15":{"name":"(anonymous_15)","decl":{"start":{"line":309,"column":24},"end":{"line":309,"column":25}},"loc":{"start":{"line":309,"column":37},"end":{"line":309,"column":63}},"line":309},"16":{"name":"setupGlobalErrorHandler","decl":{"start":{"line":321,"column":16},"end":{"line":321,"column":39}},"loc":{"start":{"line":321,"column":48},"end":{"line":337,"column":1}},"line":321},"17":{"name":"(anonymous_17)","decl":{"start":{"line":325,"column":26},"end":{"line":325,"column":27}},"loc":{"start":{"line":325,"column":46},"end":{"line":333,"column":5}},"line":325},"18":{"name":"formatErrorForUser","decl":{"start":{"line":342,"column":16},"end":{"line":342,"column":34}},"loc":{"start":{"line":342,"column":60},"end":{"line":345,"column":1}},"line":342}},"branchMap":{"0":{"loc":{"start":{"line":28,"column":2},"end":{"line":35,"column":3}},"type":"if","locations":[{"start":{"line":28,"column":2},"end":{"line":35,"column":3}},{"start":{},"end":{}}],"line":28},"1":{"loc":{"start":{"line":37,"column":2},"end":{"line":44,"column":3}},"type":"if","locations":[{"start":{"line":37,"column":2},"end":{"line":44,"column":3}},{"start":{},"end":{}}],"line":37},"2":{"loc":{"start":{"line":46,"column":2},"end":{"line":53,"column":3}},"type":"if","locations":[{"start":{"line":46,"column":2},"end":{"line":53,"column":3}},{"start":{},"end":{}}],"line":46},"3":{"loc":{"start":{"line":56,"column":2},"end":{"line":88,"column":3}},"type":"if","locations":[{"start":{"line":56,"column":2},"end":{"line":88,"column":3}},{"start":{},"end":{}}],"line":56},"4":{"loc":{"start":{"line":59,"column":4},"end":{"line":67,"column":5}},"type":"if","locations":[{"start":{"line":59,"column":4},"end":{"line":67,"column":5}},{"start":{},"end":{}}],"line":59},"5":{"loc":{"start":{"line":59,"column":8},"end":{"line":59,"column":48}},"type":"binary-expr","locations":[{"start":{"line":59,"column":8},"end":{"line":59,"column":26}},{"start":{"line":59,"column":30},"end":{"line":59,"column":48}}],"line":59},"6":{"loc":{"start":{"line":69,"column":4},"end":{"line":77,"column":5}},"type":"if","locations":[{"start":{"line":69,"column":4},"end":{"line":77,"column":5}},{"start":{},"end":{}}],"line":69},"7":{"loc":{"start":{"line":79,"column":4},"end":{"line":87,"column":5}},"type":"if","locations":[{"start":{"line":79,"column":4},"end":{"line":87,"column":5}},{"start":{},"end":{}}],"line":79},"8":{"loc":{"start":{"line":84,"column":21},"end":{"line":84,"column":78}},"type":"binary-expr","locations":[{"start":{"line":84,"column":21},"end":{"line":84,"column":34}},{"start":{"line":84,"column":38},"end":{"line":84,"column":78}}],"line":84},"9":{"loc":{"start":{"line":91,"column":2},"end":{"line":99,"column":3}},"type":"if","locations":[{"start":{"line":91,"column":2},"end":{"line":99,"column":3}},{"start":{},"end":{}}],"line":91},"10":{"loc":{"start":{"line":102,"column":2},"end":{"line":109,"column":3}},"type":"if","locations":[{"start":{"line":102,"column":2},"end":{"line":109,"column":3}},{"start":{},"end":{}}],"line":102},"11":{"loc":{"start":{"line":125,"column":14},"end":{"line":125,"column":47}},"type":"default-arg","locations":[{"start":{"line":125,"column":32},"end":{"line":125,"column":47}}],"line":125},"12":{"loc":{"start":{"line":132,"column":14},"end":{"line":132,"column":49}},"type":"default-arg","locations":[{"start":{"line":132,"column":32},"end":{"line":132,"column":49}}],"line":132},"13":{"loc":{"start":{"line":139,"column":14},"end":{"line":139,"column":55}},"type":"default-arg","locations":[{"start":{"line":139,"column":32},"end":{"line":139,"column":55}}],"line":139},"14":{"loc":{"start":{"line":148,"column":31},"end":{"line":148,"column":66}},"type":"default-arg","locations":[{"start":{"line":148,"column":64},"end":{"line":148,"column":66}}],"line":148},"15":{"loc":{"start":{"line":167,"column":4},"end":{"line":170,"column":45}},"type":"binary-expr","locations":[{"start":{"line":167,"column":4},"end":{"line":167,"column":29}},{"start":{"line":168,"column":4},"end":{"line":168,"column":18}},{"start":{"line":169,"column":4},"end":{"line":169,"column":21}},{"start":{"line":170,"column":4},"end":{"line":170,"column":45}}],"line":167},"16":{"loc":{"start":{"line":212,"column":4},"end":{"line":214,"column":5}},"type":"if","locations":[{"start":{"line":212,"column":4},"end":{"line":214,"column":5}},{"start":{},"end":{}}],"line":212},"17":{"loc":{"start":{"line":217,"column":4},"end":{"line":222,"column":5}},"type":"if","locations":[{"start":{"line":217,"column":4},"end":{"line":222,"column":5}},{"start":{},"end":{}}],"line":217},"18":{"loc":{"start":{"line":275,"column":2},"end":{"line":275,"column":28}},"type":"default-arg","locations":[{"start":{"line":275,"column":26},"end":{"line":275,"column":28}}],"line":275},"19":{"loc":{"start":{"line":278,"column":4},"end":{"line":278,"column":18}},"type":"default-arg","locations":[{"start":{"line":278,"column":17},"end":{"line":278,"column":18}}],"line":278},"20":{"loc":{"start":{"line":279,"column":4},"end":{"line":279,"column":22}},"type":"default-arg","locations":[{"start":{"line":279,"column":19},"end":{"line":279,"column":22}}],"line":279},"21":{"loc":{"start":{"line":280,"column":4},"end":{"line":280,"column":20}},"type":"default-arg","locations":[{"start":{"line":280,"column":15},"end":{"line":280,"column":20}}],"line":280},"22":{"loc":{"start":{"line":281,"column":4},"end":{"line":281,"column":25}},"type":"default-arg","locations":[{"start":{"line":281,"column":24},"end":{"line":281,"column":25}}],"line":281},"23":{"loc":{"start":{"line":282,"column":4},"end":{"line":282,"column":46}},"type":"default-arg","locations":[{"start":{"line":282,"column":18},"end":{"line":282,"column":46}}],"line":282},"24":{"loc":{"start":{"line":294,"column":6},"end":{"line":296,"column":7}},"type":"if","locations":[{"start":{"line":294,"column":6},"end":{"line":296,"column":7}},{"start":{},"end":{}}],"line":294},"25":{"loc":{"start":{"line":294,"column":10},"end":{"line":294,"column":59}},"type":"binary-expr","locations":[{"start":{"line":294,"column":10},"end":{"line":294,"column":33}},{"start":{"line":294,"column":37},"end":{"line":294,"column":59}}],"line":294},"26":{"loc":{"start":{"line":314,"column":8},"end":{"line":314,"column":46}},"type":"binary-expr","locations":[{"start":{"line":314,"column":8},"end":{"line":314,"column":17}},{"start":{"line":314,"column":21},"end":{"line":314,"column":46}}],"line":314},"27":{"loc":{"start":{"line":323,"column":2},"end":{"line":334,"column":3}},"type":"if","locations":[{"start":{"line":323,"column":2},"end":{"line":334,"column":3}},{"start":{},"end":{}}],"line":323},"28":{"loc":{"start":{"line":326,"column":6},"end":{"line":331,"column":7}},"type":"if","locations":[{"start":{"line":326,"column":6},"end":{"line":331,"column":7}},{"start":{},"end":{}}],"line":326},"29":{"loc":{"start":{"line":344,"column":9},"end":{"line":344,"column":85}},"type":"binary-expr","locations":[{"start":{"line":344,"column":9},"end":{"line":344,"column":26}},{"start":{"line":344,"column":30},"end":{"line":344,"column":43}},{"start":{"line":344,"column":47},"end":{"line":344,"column":85}}],"line":344}},"s":{"0":13,"1":7,"2":6,"3":1,"4":5,"5":2,"6":3,"7":0,"8":0,"9":0,"10":0,"11":0,"12":0,"13":0,"14":3,"15":2,"16":1,"17":1,"18":0,"19":7,"20":7,"21":1,"22":1,"23":2,"24":2,"25":1,"26":1,"27":1,"28":3,"29":0,"30":0,"31":2,"32":2,"33":153,"34":153,"35":153,"36":50,"37":153,"38":153,"39":3,"40":15,"41":1,"42":2,"43":0,"44":4,"45":7,"46":4,"47":4,"48":4,"49":9,"50":9,"51":7,"52":7,"53":2,"54":5,"55":5,"56":5,"57":5,"58":0,"59":0,"60":0,"61":0,"62":0,"63":0,"64":0,"65":0,"66":0},"f":{"0":13,"1":7,"2":1,"3":2,"4":1,"5":3,"6":0,"7":0,"8":153,"9":3,"10":15,"11":1,"12":0,"13":4,"14":7,"15":5,"16":0,"17":0,"18":0},"b":{"0":[7,6],"1":[1,5],"2":[2,3],"3":[0,3],"4":[0,0],"5":[0,0],"6":[0,0],"7":[0,0],"8":[0,0],"9":[2,1],"10":[1,0],"11":[0],"12":[0],"13":[0],"14":[0],"15":[3,2,2,0],"16":[50,103],"17":[153,0],"18":[0],"19":[0],"20":[3],"21":[4],"22":[3],"23":[4],"24":[2,5],"25":[7,6],"26":[0,0],"27":[0,0],"28":[0,0],"29":[0,0,0]},"_coverageSchema":"1a1c01bbd47fc00a2c39e90264f33305004495a9","hash":"7910b441d3ba052032da361c03d1bea800f178bf"}
,"C:\\Users\\Benison\\Desktop\\HomeEase-ReactNative-main\\mobile\\utils\\formValidation.ts": {"path":"C:\\Users\\Benison\\Desktop\\HomeEase-ReactNative-main\\mobile\\utils\\formValidation.ts","statementMap":{"0":{"start":{"line":33,"column":27},"end":{"line":33,"column":32}},"1":{"start":{"line":35,"column":2},"end":{"line":92,"column":3}},"2":{"start":{"line":36,"column":18},"end":{"line":36,"column":23}},"3":{"start":{"line":37,"column":16},"end":{"line":37,"column":28}},"4":{"start":{"line":39,"column":4},"end":{"line":87,"column":5}},"5":{"start":{"line":41,"column":8},"end":{"line":41,"column":72}},"6":{"start":{"line":42,"column":8},"end":{"line":42,"column":50}},"7":{"start":{"line":43,"column":8},"end":{"line":43,"column":14}},"8":{"start":{"line":46,"column":8},"end":{"line":46,"column":59}},"9":{"start":{"line":47,"column":8},"end":{"line":47,"column":49}},"10":{"start":{"line":48,"column":8},"end":{"line":48,"column":14}},"11":{"start":{"line":51,"column":8},"end":{"line":51,"column":62}},"12":{"start":{"line":52,"column":8},"end":{"line":52,"column":63}},"13":{"start":{"line":53,"column":8},"end":{"line":53,"column":14}},"14":{"start":{"line":56,"column":8},"end":{"line":56,"column":61}},"15":{"start":{"line":57,"column":8},"end":{"line":57,"column":75}},"16":{"start":{"line":58,"column":8},"end":{"line":58,"column":14}},"17":{"start":{"line":61,"column":8},"end":{"line":61,"column":61}},"18":{"start":{"line":62,"column":8},"end":{"line":62,"column":74}},"19":{"start":{"line":63,"column":8},"end":{"line":63,"column":14}},"20":{"start":{"line":66,"column":8},"end":{"line":66,"column":61}},"21":{"start":{"line":67,"column":8},"end":{"line":67,"column":42}},"22":{"start":{"line":68,"column":8},"end":{"line":68,"column":14}},"23":{"start":{"line":71,"column":8},"end":{"line":71,"column":47}},"24":{"start":{"line":72,"column":8},"end":{"line":72,"column":47}},"25":{"start":{"line":73,"column":8},"end":{"line":73,"column":14}},"26":{"start":{"line":76,"column":8},"end":{"line":76,"column":66}},"27":{"start":{"line":77,"column":8},"end":{"line":77,"column":48}},"28":{"start":{"line":78,"column":8},"end":{"line":78,"column":14}},"29":{"start":{"line":81,"column":8},"end":{"line":81,"column":47}},"30":{"start":{"line":82,"column":8},"end":{"line":82,"column":41}},"31":{"start":{"line":83,"column":8},"end":{"line":83,"column":14}},"32":{"start":{"line":86,"column":8},"end":{"line":86,"column":23}},"33":{"start":{"line":89,"column":4},"end":{"line":91,"column":5}},"34":{"start":{"line":90,"column":6},"end":{"line":90,"column":37}},"35":{"start":{"line":94,"column":2},"end":{"line":94,"column":25}},"36":{"start":{"line":101,"column":2},"end":{"line":101,"column":36}},"37":{"start":{"line":110,"column":41},"end":{"line":110,"column":43}},"38":{"start":{"line":112,"column":2},"end":{"line":117,"column":3}},"39":{"start":{"line":113,"column":19},"end":{"line":113,"column":39}},"40":{"start":{"line":114,"column":4},"end":{"line":116,"column":5}},"41":{"start":{"line":115,"column":6},"end":{"line":115,"column":39}},"42":{"start":{"line":119,"column":2},"end":{"line":123,"column":4}},"43":{"start":{"line":134,"column":21},"end":{"line":134,"column":41}},"44":{"start":{"line":135,"column":2},"end":{"line":137,"column":3}},"45":{"start":{"line":136,"column":4},"end":{"line":136,"column":22}},"46":{"start":{"line":140,"column":2},"end":{"line":155,"column":3}},"47":{"start":{"line":141,"column":4},"end":{"line":154,"column":5}},"48":{"start":{"line":142,"column":22},"end":{"line":142,"column":55}},"49":{"start":{"line":143,"column":6},"end":{"line":148,"column":7}},"50":{"start":{"line":144,"column":8},"end":{"line":147,"column":10}},"51":{"start":{"line":150,"column":6},"end":{"line":153,"column":8}},"52":{"start":{"line":157,"column":2},"end":{"line":157,"column":25}},"53":{"start":{"line":167,"column":30},"end":{"line":167,"column":53}},"54":{"start":{"line":168,"column":30},"end":{"line":168,"column":66}},"55":{"start":{"line":169,"column":32},"end":{"line":169,"column":69}},"56":{"start":{"line":170,"column":38},"end":{"line":170,"column":75}},"57":{"start":{"line":172,"column":16},"end":{"line":177,"column":3}},"58":{"start":{"line":174,"column":6},"end":{"line":174,"column":43}},"59":{"start":{"line":179,"column":24},"end":{"line":193,"column":3}},"60":{"start":{"line":181,"column":25},"end":{"line":181,"column":41}},"61":{"start":{"line":182,"column":41},"end":{"line":186,"column":7}},"62":{"start":{"line":189,"column":21},"end":{"line":189,"column":51}},"63":{"start":{"line":190,"column":6},"end":{"line":190,"column":20}},"64":{"start":{"line":195,"column":23},"end":{"line":217,"column":3}},"65":{"start":{"line":197,"column":6},"end":{"line":200,"column":10}},"66":{"start":{"line":197,"column":27},"end":{"line":200,"column":7}},"67":{"start":{"line":203,"column":6},"end":{"line":214,"column":7}},"68":{"start":{"line":204,"column":23},"end":{"line":204,"column":54}},"69":{"start":{"line":205,"column":8},"end":{"line":213,"column":11}},"70":{"start":{"line":206,"column":28},"end":{"line":206,"column":39}},"71":{"start":{"line":207,"column":10},"end":{"line":211,"column":11}},"72":{"start":{"line":208,"column":12},"end":{"line":208,"column":40}},"73":{"start":{"line":210,"column":12},"end":{"line":210,"column":67}},"74":{"start":{"line":212,"column":10},"end":{"line":212,"column":27}},"75":{"start":{"line":219,"column":21},"end":{"line":239,"column":3}},"76":{"start":{"line":221,"column":6},"end":{"line":224,"column":10}},"77":{"start":{"line":221,"column":28},"end":{"line":224,"column":7}},"78":{"start":{"line":227,"column":21},"end":{"line":227,"column":64}},"79":{"start":{"line":228,"column":6},"end":{"line":236,"column":9}},"80":{"start":{"line":229,"column":26},"end":{"line":229,"column":37}},"81":{"start":{"line":230,"column":8},"end":{"line":234,"column":9}},"82":{"start":{"line":231,"column":10},"end":{"line":231,"column":38}},"83":{"start":{"line":233,"column":10},"end":{"line":233,"column":65}},"84":{"start":{"line":235,"column":8},"end":{"line":235,"column":25}},"85":{"start":{"line":241,"column":20},"end":{"line":246,"column":21}},"86":{"start":{"line":242,"column":4},"end":{"line":242,"column":29}},"87":{"start":{"line":243,"column":4},"end":{"line":243,"column":18}},"88":{"start":{"line":244,"column":4},"end":{"line":244,"column":19}},"89":{"start":{"line":245,"column":4},"end":{"line":245,"column":22}},"90":{"start":{"line":248,"column":22},"end":{"line":267,"column":29}},"91":{"start":{"line":249,"column":46},"end":{"line":249,"column":48}},"92":{"start":{"line":251,"column":4},"end":{"line":256,"column":5}},"93":{"start":{"line":252,"column":21},"end":{"line":252,"column":52}},"94":{"start":{"line":253,"column":6},"end":{"line":255,"column":7}},"95":{"start":{"line":254,"column":8},"end":{"line":254,"column":44}},"96":{"start":{"line":258,"column":4},"end":{"line":258,"column":25}},"97":{"start":{"line":259,"column":4},"end":{"line":264,"column":6}},"98":{"start":{"line":261,"column":8},"end":{"line":261,"column":30}},"99":{"start":{"line":262,"column":8},"end":{"line":262,"column":19}},"100":{"start":{"line":266,"column":4},"end":{"line":266,"column":47}},"101":{"start":{"line":269,"column":24},"end":{"line":278,"column":3}},"102":{"start":{"line":270,"column":28},"end":{"line":276,"column":5}},"103":{"start":{"line":272,"column":39},"end":{"line":272,"column":69}},"104":{"start":{"line":273,"column":20},"end":{"line":273,"column":41}},"105":{"start":{"line":280,"column":2},"end":{"line":292,"column":4}},"106":{"start":{"line":301,"column":2},"end":{"line":301,"column":62}},"107":{"start":{"line":308,"column":2},"end":{"line":308,"column":31}}},"fnMap":{"0":{"name":"validateFieldModule","decl":{"start":{"line":32,"column":9},"end":{"line":32,"column":28}},"loc":{"start":{"line":32,"column":89},"end":{"line":95,"column":1}},"line":32},"1":{"name":"validateField","decl":{"start":{"line":100,"column":16},"end":{"line":100,"column":29}},"loc":{"start":{"line":100,"column":90},"end":{"line":102,"column":1}},"line":100},"2":{"name":"validateForm","decl":{"start":{"line":107,"column":16},"end":{"line":107,"column":28}},"loc":{"start":{"line":109,"column":20},"end":{"line":124,"column":1}},"line":109},"3":{"name":"validateFieldAsync","decl":{"start":{"line":129,"column":22},"end":{"line":129,"column":40}},"loc":{"start":{"line":132,"column":47},"end":{"line":158,"column":1}},"line":132},"4":{"name":"useFormValidation","decl":{"start":{"line":163,"column":16},"end":{"line":163,"column":33}},"loc":{"start":{"line":166,"column":2},"end":{"line":293,"column":1}},"line":166},"5":{"name":"(anonymous_5)","decl":{"start":{"line":173,"column":4},"end":{"line":173,"column":5}},"loc":{"start":{"line":173,"column":45},"end":{"line":175,"column":5}},"line":173},"6":{"name":"(anonymous_6)","decl":{"start":{"line":180,"column":4},"end":{"line":180,"column":5}},"loc":{"start":{"line":180,"column":75},"end":{"line":191,"column":5}},"line":180},"7":{"name":"(anonymous_7)","decl":{"start":{"line":196,"column":4},"end":{"line":196,"column":5}},"loc":{"start":{"line":196,"column":39},"end":{"line":215,"column":5}},"line":196},"8":{"name":"(anonymous_8)","decl":{"start":{"line":197,"column":16},"end":{"line":197,"column":17}},"loc":{"start":{"line":197,"column":27},"end":{"line":200,"column":7}},"line":197},"9":{"name":"(anonymous_9)","decl":{"start":{"line":205,"column":18},"end":{"line":205,"column":19}},"loc":{"start":{"line":205,"column":28},"end":{"line":213,"column":9}},"line":205},"10":{"name":"(anonymous_10)","decl":{"start":{"line":220,"column":4},"end":{"line":220,"column":5}},"loc":{"start":{"line":220,"column":27},"end":{"line":237,"column":5}},"line":220},"11":{"name":"(anonymous_11)","decl":{"start":{"line":221,"column":17},"end":{"line":221,"column":18}},"loc":{"start":{"line":221,"column":28},"end":{"line":224,"column":7}},"line":221},"12":{"name":"(anonymous_12)","decl":{"start":{"line":228,"column":16},"end":{"line":228,"column":17}},"loc":{"start":{"line":228,"column":26},"end":{"line":236,"column":7}},"line":228},"13":{"name":"(anonymous_13)","decl":{"start":{"line":241,"column":32},"end":{"line":241,"column":33}},"loc":{"start":{"line":241,"column":38},"end":{"line":246,"column":3}},"line":241},"14":{"name":"(anonymous_14)","decl":{"start":{"line":248,"column":34},"end":{"line":248,"column":35}},"loc":{"start":{"line":248,"column":40},"end":{"line":267,"column":3}},"line":248},"15":{"name":"(anonymous_15)","decl":{"start":{"line":260,"column":33},"end":{"line":260,"column":34}},"loc":{"start":{"line":260,"column":53},"end":{"line":263,"column":7}},"line":260},"16":{"name":"(anonymous_16)","decl":{"start":{"line":270,"column":4},"end":{"line":270,"column":5}},"loc":{"start":{"line":270,"column":28},"end":{"line":276,"column":5}},"line":270},"17":{"name":"(anonymous_17)","decl":{"start":{"line":272,"column":20},"end":{"line":272,"column":21}},"loc":{"start":{"line":272,"column":39},"end":{"line":272,"column":69}},"line":272},"18":{"name":"(anonymous_18)","decl":{"start":{"line":273,"column":14},"end":{"line":273,"column":15}},"loc":{"start":{"line":273,"column":20},"end":{"line":273,"column":41}},"line":273},"19":{"name":"throwValidationError","decl":{"start":{"line":298,"column":16},"end":{"line":298,"column":36}},"loc":{"start":{"line":300,"column":9},"end":{"line":302,"column":1}},"line":300},"20":{"name":"formatValidationErrors","decl":{"start":{"line":307,"column":16},"end":{"line":307,"column":38}},"loc":{"start":{"line":307,"column":81},"end":{"line":309,"column":1}},"line":307}},"branchMap":{"0":{"loc":{"start":{"line":39,"column":4},"end":{"line":87,"column":5}},"type":"switch","locations":[{"start":{"line":40,"column":6},"end":{"line":43,"column":14}},{"start":{"line":45,"column":6},"end":{"line":48,"column":14}},{"start":{"line":50,"column":6},"end":{"line":53,"column":14}},{"start":{"line":55,"column":6},"end":{"line":58,"column":14}},{"start":{"line":60,"column":6},"end":{"line":63,"column":14}},{"start":{"line":65,"column":6},"end":{"line":6
[...]
75,"column":16}},"67":{"start":{"line":180,"column":4},"end":{"line":193,"column":5}},"68":{"start":{"line":181,"column":6},"end":{"line":190,"column":7}},"69":{"start":{"line":182,"column":8},"end":{"line":184,"column":10}},"70":{"start":{"line":187,"column":21},"end":{"line":187,"column":52}},"71":{"start":{"line":188,"column":28},"end":{"line":188,"column":89}},"72":{"start":{"line":188,"column":47},"end":{"line":188,"column":88}},"73":{"start":{"line":189,"column":8},"end":{"line":189,"column":52}},"74":{"start":{"line":192,"column":6},"end":{"line":192,"column":61}},"75":{"start":{"line":198,"column":35},"end":{"line":231,"column":1}},"76":{"start":{"line":200,"column":4},"end":{"line":211,"column":5}},"77":{"start":{"line":201,"column":19},"end":{"line":204,"column":7}},"78":{"start":{"line":205,"column":6},"end":{"line":208,"column":8}},"79":{"start":{"line":210,"column":6},"end":{"line":210,"column":59}},"80":{"start":{"line":215,"column":4},"end":{"line":221,"column":5}},"81":{"start":{"line":216,"column":19},"end":{"line":216,"column":79}},"82":{"start":{"line":217,"column":6},"end":{"line":217,"column":56}},"83":{"start":{"line":219,"column":6},"end":{"line":219,"column":66}},"84":{"start":{"line":220,"column":6},"end":{"line":220,"column":16}},"85":{"start":{"line":225,"column":4},"end":{"line":229,"column":5}},"86":{"start":{"line":226,"column":6},"end":{"line":226,"column":70}},"87":{"start":{"line":228,"column":6},"end":{"line":228,"column":66}},"88":{"start":{"line":234,"column":29},"end":{"line":264,"column":1}},"89":{"start":{"line":236,"column":4},"end":{"line":244,"column":5}},"90":{"start":{"line":237,"column":19},"end":{"line":240,"column":7}},"91":{"start":{"line":241,"column":6},"end":{"line":241,"column":83}},"92":{"start":{"line":243,"column":6},"end":{"line":243,"column":53}},"93":{"start":{"line":248,"column":4},"end":{"line":254,"column":5}},"94":{"start":{"line":249,"column":19},"end":{"line":249,"column":73}},"95":{"start":{"line":250,"column":6},"end":{"line":250,"column":50}},"96":{"start":{"line":252,"column":6},"end":{"line":252,"column":60}},"97":{"start":{"line":253,"column":6},"end":{"line":253,"column":16}},"98":{"start":{"line":258,"column":4},"end":{"line":262,"column":5}},"99":{"start":{"line":259,"column":6},"end":{"line":259,"column":64}},"100":{"start":{"line":261,"column":6},"end":{"line":261,"column":60}},"101":{"start":{"line":267,"column":26},"end":{"line":292,"column":1}},"102":{"start":{"line":269,"column":4},"end":{"line":273,"column":5}},"103":{"start":{"line":270,"column":6},"end":{"line":270,"column":33}},"104":{"start":{"line":272,"column":6},"end":{"line":272,"column":58}},"105":{"start":{"line":280,"column":4},"end":{"line":290,"column":5}},"106":{"start":{"line":281,"column":6},"end":{"line":286,"column":9}},"107":{"start":{"line":287,"column":6},"end":{"line":287,"column":50}},"108":{"start":{"line":289,"column":6},"end":{"line":289,"column":53}}},"fnMap":{"0":{"name":"(anonymous_0)","decl":{"start":{"line":16,"column":2},"end":{"line":16,"column":3}},"loc":{"start":{"line":16,"column":33},"end":{"line":22,"column":3}},"line":16},"1":{"name":"(anonymous_1)","decl":{"start":{"line":24,"column":2},"end":{"line":24,"column":3}},"loc":{"start":{"line":24,"column":19},"end":{"line":31,"column":3}},"line":24},"2":{"name":"(anonymous_2)","decl":{"start":{"line":33,"column":2},"end":{"line":33,"column":3}},"loc":{"start":{"line":33,"column":28},"end":{"line":39,"column":3}},"line":33},"3":{"name":"(anonymous_3)","decl":{"start":{"line":41,"column":2},"end":{"line":41,"column":3}},"loc":{"start":{"line":41,"column":18},"end":{"line":49,"column":3}},"line":41},"4":{"name":"(anonymous_4)","decl":{"start":{"line":51,"column":2},"end":{"line":51,"column":3}},"loc":{"start":{"line":51,"column":20},"end":{"line":58,"column":3}},"line":51},"5":{"name":"(anonymous_5)","decl":{"start":{"line":63,"column":2},"end":{"line":63,"column":3}},"loc":{"start":{"line":63,"column":30},"end":{"line":69,"column":3}},"line":63},"6":{"name":"(anonymous_6)","decl":{"start":{"line":71,"column":2},"end":{"line":71,"column":3}},"loc":{"start":{"line":71,"column":19},"end":{"line":79,"column":3}},"line":71},"7":{"name":"(anonymous_7)","decl":{"start":{"line":81,"column":2},"end":{"line":81,"column":3}},"loc":{"start":{"line":81,"column":21},"end":{"line":87,"column":3}},"line":81},"8":{"name":"(anonymous_8)","decl":{"start":{"line":90,"column":2},"end":{"line":90,"column":3}},"loc":{"start":{"line":90,"column":39},"end":{"line":100,"column":3}},"line":90},"9":{"name":"(anonymous_9)","decl":{"start":{"line":102,"column":2},"end":{"line":102,"column":3}},"loc":{"start":{"line":102,"column":28},"end":{"line":110,"column":3}},"line":102},"10":{"name":"(anonymous_10)","decl":{"start":{"line":112,"column":2},"end":{"line":112,"column":3}},"loc":{"start":{"line":112,"column":29},"end":{"line":118,"column":3}},"line":112},"11":{"name":"(anonymous_11)","decl":{"start":{"line":123,"column":2},"end":{"line":123,"column":3}},"loc":{"start":{"line":123,"column":41},"end":{"line":129,"column":3}},"line":123},"12":{"name":"(anonymous_12)","decl":{"start":{"line":131,"column":2},"end":{"line":131,"column":3}},"loc":{"start":{"line":131,"column":22},"end":{"line":139,"column":3}},"line":131},"13":{"name":"(anonymous_13)","decl":{"start":{"line":141,"column":2},"end":{"line":141,"column":3}},"loc":{"start":{"line":141,"column":24},"end":{"line":147,"column":3}},"line":141},"14":{"name":"(anonymous_14)","decl":{"start":{"line":152,"column":2},"end":{"line":152,"column":3}},"loc":{"start":{"line":152,"column":63},"end":{"line":165,"column":3}},"line":152},"15":{"name":"(anonymous_15)","decl":{"start":{"line":167,"column":2},"end":{"line":167,"column":3}},"loc":{"start":{"line":167,"column":50},"end":{"line":177,"column":3}},"line":167},"16":{"name":"(anonymous_16)","decl":{"start":{"line":179,"column":2},"end":{"line":179,"column":3}},"loc":{"start":{"line":179,"column":52},"end":{"line":194,"column":3}},"line":179},"17":{"name":"(anonymous_17)","decl":{"start":{"line":188,"column":40},"end":{"line":188,"column":41}},"loc":{"start":{"line":188,"column":47},"end":{"line":188,"column":88}},"line":188},"18":{"name":"(anonymous_18)","decl":{"start":{"line":199,"column":2},"end":{"line":199,"column":3}},"loc":{"start":{"line":199,"column":49},"end":{"line":212,"column":3}},"line":199},"19":{"name":"(anonymous_19)","decl":{"start":{"line":214,"column":2},"end":{"line":214,"column":3}},"loc":{"start":{"line":214,"column":33},"end":{"line":222,"column":3}},"line":214},"20":{"name":"(anonymous_20)","decl":{"start":{"line":224,"column":2},"end":{"line":224,"column":3}},"loc":{"start":{"line":224,"column":34},"end":{"line":230,"column":3}},"line":224},"21":{"name":"(anonymous_21)","decl":{"start":{"line":235,"column":2},"end":{"line":235,"column":3}},"loc":{"start":{"line":235,"column":37},"end":{"line":245,"column":3}},"line":235},"22":{"name":"(anonymous_22)","decl":{"start":{"line":247,"column":2},"end":{"line":247,"column":3}},"loc":{"start":{"line":247,"column":27},"end":{"line":255,"column":3}},"line":247},"23":{"name":"(anonymous_23)","decl":{"start":{"line":257,"column":2},"end":{"line":257,"column":3}},"loc":{"start":{"line":257,"column":28},"end":{"line":263,"column":3}},"line":257},"24":{"name":"(anonymous_24)","decl":{"start":{"line":268,"column":2},"end":{"line":268,"column":3}},"loc":{"start":{"line":268,"column":19},"end":{"line":274,"column":3}},"line":268},"25":{"name":"(anonymous_25)","decl":{"start":{"line":279,"column":2},"end":{"line":279,"column":3}},"loc":{"start":{"line":279,"column":22},"end":{"line":291,"column":3}},"line":279}},"branchMap":{"0":{"loc":{"start":{"line":44,"column":13},"end":{"line":44,"column":43}},"type":"cond-expr","locations":[{"start":{"line":44,"column":20},"end":{"line":44,"column":36}},{"start":{"line":44,"column":39},"end":{"line":44,"column":43}}],"line":44},"1":{"loc":{"start":{"line":74,"column":13},"end":{"line":74,"column":43}},"type":"cond-expr","locations":[{"start":{"line":74,"column":20},"end":{"line":74,"column":36}},{"start":{"line":74,"column":39},"end":{"line":74,"column":43}}],"line":74},"2":{"loc":{"start":{"line":105,"column":13},"end":{"line":105,"column":50}},"type":"cond-expr","locations":[{"start":{"line":105,"column":20},"end":{"line":105,"column":45}},{"start":{"line":105,"column":48},"end":{"line":105,"column":50}}],"line":105},"3":{"loc":{"start":{"line":134,"column":13},"end":{"line":134,"column":41}},"type":"cond-expr","locations":[{"start":{"line":134,"column":20},"end":{"line":134,"column":36}},{"start":{"line":134,"column":39},"end":{"line":134,"column":41}}],"line":134},"4":{"loc":{"start":{"line":172,"column":13},"end":{"line":172,"column":50}},"type":"cond-expr","locations":[{"start":{"line":172,"column":20},"end":{"line":172,"column":45}},{"start":{"line":172,"column":48},"end":{"line":172,"column":50}}],"line":172},"5":{"loc":{"start":{"line":181,"column":6},"end":{"line":190,"column":7}},"type":"if","locations":[{"start":{"line":181,"column":6},"end":{"line":190,"column":7}},{"start":{"line":185,"column":13},"end":{"line":190,"column":7}}],"line":181},"6":{"loc":{"start":{"line":217,"column":13},"end":{"line":217,"column":55}},"type":"cond-expr","locations":[{"start":{"line":217,"column":20},"end":{"line":217,"column":50}},{"start":{"line":217,"column":53},"end":{"line":217,"column":55}}],"line":217},"7":{"loc":{"start":{"line":250,"column":13},"end":{"line":250,"column":49}},"type":"cond-expr","locations":[{"start":{"line":250,"column":20},"end":{"line":250,"column":44}},{"start":{"line":250,"column":47},"end":{"line":250,"column":49}}],"line":250}},"s":{"0":0,"1":0,"2":0,"3":0,"4":0,"5":0,"6":0,"7":0,"8":0,"9":0,"10":0,"11":0,"12":0,"13":0,"14":0,"15":0,"16":0,"17":0,"18":0,"19":0,"20":0,"21":0,"22":0,"23":0,"24":0,"25":0,"26":0,"27":0,"28":0,"29":0,"30":0,"31":0,"32":0,"33":0,"34":0,"35":0,"36":0,"37":0,"38":0,"39":0,"40":0,"41":0,"42":0,"43":0,"44":0,"45":0,"46":0,"47":0,"48":0,"49":0,"50":0,"51":0,"52":0,"53":0,"54":0,"55":0,"56":0,"57":0,"58":0,"59":0,"60":0,"61":0,"62":0,"63":0,"64":0,"65":0,"66":0,"67":0,"68":0,"69":0,"70":0,"71":0,"72":0,"73":0,"74":0,"75":0,"76":0,"77":0,"78":0,"79":0,"80":0,"81":0,"82":0,"83":0,"84":0,"85":0,"86":0,"87":0,"88":0,"89":0,"90":0,"91":0,"92":0,"93":0,"94":0,"95":0,"96":0,"97":0,"98":0,"99":0,"100":0,"101":0,"102":0,"103":0,"104":0,"105":0,"106":0,"107":0,"108":0},"f":{"0":0,"1":0,"2":0,"3":0,"4":0,"5":0,"6":0,"7":0,"8":0,"9":0,"10":0,"11":0,"12":0,"13":0,"14":0,"15":0,"16":0,"17":0,"18":0,"19":0,"20":0,"21":0,"22":0,"23":0,"24":0,"25":0},"b":{"0":[0,0],"1":[0,0],"2":[0,0],"3":[0,0],"4":[0,0],"5":[0,0],"6":[0,0],"7":[0,0]}}
,"C:\\Users\\Benison\\Desktop\\HomeEase-ReactNative-main\\mobile\\utils\\validators.ts": {"path":"C:\\Users\\Benison\\Desktop\\HomeEase-ReactNative-main\\mobile\\utils\\validators.ts","statementMap":{"0":{"start":{"line":3,"column":2},"end":{"line":3,"column":50}},"1":{"start":{"line":7,"column":18},"end":{"line":7,"column":30}},"2":{"start":{"line":8,"column":2},"end":{"line":10,"column":3}},"3":{"start":{"line":9,"column":4},"end":{"line":9,"column":56}},"4":{"start":{"line":11,"column":2},"end":{"line":13,"column":3}},"5":{"start":{"line":12,"column":4},"end":{"line":12,"column":59}},"6":{"start":{"line":14,"column":2},"end":{"line":14,"column":25}},"7":{"start":{"line":19,"column":2},"end":{"line":23,"column":4}},"8":{"start":{"line":35,"column":2},"end":{"line":45,"column":3}},"9":{"start":{"line":36,"column":4},"end":{"line":44,"column":6}},"10":{"start":{"line":47,"column":23},"end":{"line":51,"column":3}},"11":{"start":{"line":53,"column":16},"end":{"line":53,"column":59}},"12":{"start":{"line":53,"column":57},"end":{"line":53,"column":58}},"13":{"start":{"line":55,"column":2},"end":{"line":65,"column":3}},"14":{"start":{"line":56,"column":20},"end":{"line":56,"column":22}},"15":{"start":{"line":57,"column":4},"end":{"line":57,"column":71}},"16":{"start":{"line":57,"column":33},"end":{"line":57,"column":71}},"17":{"start":{"line":58,"column":4},"end":{"line":58,"column":69}},"18":{"start":{"line":58,"column":36},"end":{"line":58,"column":69}},"19":{"start":{"line":59,"column":4},"end":{"line":59,"column":56}},"20":{"start":{"line":59,"column":33},"end":{"line":59,"column":56}},"21":{"start":{"line":60,"column":4},"end":{"line":64,"column":6}},"22":{"start":{"line":67,"column":2},"end":{"line":67,"column":39}},"23":{"start":{"line":72,"column":18},"end":{"line":72,"column":29}},"24":{"start":{"line":73,"column":2},"end":{"line":75,"column":3}},"25":{"start":{"line":74,"column":4},"end":{"line":74,"column":55}},"26":{"start":{"line":76,"column":2},"end":{"line":78,"column":3}},"27":{"start":{"line":77,"column":4},"end":{"line":77,"column":73}},"28":{"start":{"line":79,"column":2},"end":{"line":79,"column":25}},"29":{"start":{"line":84,"column":21},"end":{"line":117,"column":23}},"30":{"start":{"line":87,"column":48},"end":{"line":114,"column":7}},"31":{"start":{"line":115,"column":6},"end":{"line":115,"column":31}},"32":{"start":{"line":118,"column":2},"end":{"line":120,"column":3}},"33":{"start":{"line":119,"column":4},"end":{"line":119,"column":63}},"34":{"start":{"line":121,"column":2},"end":{"line":123,"column":3}},"35":{"start":{"line":122,"column":4},"end":{"line":122,"column":73}},"36":{"start":{"line":124,"column":2},"end":{"line":124,"column":25}},"37":{"start":{"line":129,"column":21},"end":{"line":129,"column":43}},"38":{"start":{"line":130,"column":2},"end":{"line":132,"column":3}},"39":{"start":{"line":131,"column":4},"end":{"line":131,"column":54}},"40":{"start":{"line":133,"column":2},"end":{"line":135,"column":3}},"41":{"start":{"line":134,"column":4},"end":{"line":134,"column":59}},"42":{"start":{"line":136,"column":2},"end":{"line":136,"column":25}},"43":{"start":{"line":144,"column":2},"end":{"line":146,"column":3}},"44":{"start":{"line":145,"column":4},"end":{"line":145,"column":67}},"45":{"start":{"line":147,"column":2},"end":{"line":149,"column":3}},"46":{"start":{"line":148,"column":4},"end":{"line":148,"column":61}},"47":{"start":{"line":150,"column":2},"end":{"line":150,"column":25}}},"fnMap":{"0":{"name":"isValidEmail","decl":{"start":{"line":2,"column":16},"end":{"line":2,"column":28}},"loc":{"start":{"line":2,"column":53},"end":{"line":4,"column":1}},"line":2},"1":{"name":"validateEmail","decl":{"start":{"line":6,"column":16},"end":{"line":6,"column":29}},"loc":{"start":{"line":6,"column":81},"end":{"line":15,"column":1}},"line":6},"2":{"name":"isValidPassword","decl":{"start":{"line":18,"column":16},"end":{"line":18,"column":31}},"loc":{"start":{"line":18,"column":59},"end":{"line":24,"column":1}},"line":18},"3":{"name":"validatePassword","decl":{"start":{"line":26,"column":16},"end":{"line":26,"column":32}},"loc":{"start":{"line":34,"column":2},"end":{"line":68,"column":1}},"line":34},"4":{"name":"(anonymous_4)","decl":{"start":{"line":53,"column":50},"end":{"line":53,"column":51}},"loc":{"start":{"line":53,"column":57},"end":{"line":53,"column":58}},"line":53},"5":{"name":"validateName","decl":{"start":{"line":71,"column":16},"end":{"line":71,"column":28}},"loc":{"start":{"line":71,"column":79},"end":{"line":80,"column":1}},"line":71},"6":{"name":"validatePhone","decl":{"start":{"line":83,"column":16},"end":{"line":83,"column":29}},"loc":{"start":{"line":83,"column":81},"end":{"line":125,"column":1}},"line":83},"7":{"name":"(anonymous_7)","decl":{"start":{"line":86,"column":23},"end":{"line":86,"column":24}},"loc":{"start":{"line":86,"column":35},"end":{"line":116,"column":5}},"line":86},"8":{"name":"validateOTP","decl":{"start":{"line":128,"column":16},"end":{"line":128,"column":27}},"loc":{"start":{"line":128,"column":77},"end":{"line":137,"column":1}},"line":128},"9":{"name":"validatePasswordMatch","decl":{"start":{"line":140,"column":16},"end":{"line":140,"column":37}},"loc":{"start":{"line":143,"column":38},"end":{"line":151,"column":1}},"line":143}},"branchMap":{"0":{"loc":{"start":{"line":8,"column":2},"end":{"line":10,"column":3}},"type":"if","locations":[{"start":{"line":8,"column":2},"end":{"line":10,"column":3}},{"start":{},"end":{}}],"line":8},"1":{"loc":{"start":{"line":11,"column":2},"end":{"line":13,"column":3}},"type":"if","locations":[{"start":{"line":11,"column":2},"end":{"line":13,"column":3}},{"start":{},"end":{}}],"line":11},"2":{"loc":{"start":{"line":20,"column":4},"end":{"line":22,"column":23}},"type":"binary-expr","locations":[{"start":{"line":20,"column":4},"end":{"line":20,"column":24}},{"start":{"line":21,"column":4},"end":{"line":21,"column":26}},{"start":{"line":22,"column":4},"end":{"line":22,"column":23}}],"line":20},"3":{"loc":{"start":{"line":35,"column":2},"end":{"line":45,"column":3}},"type":"if","locations":[{"start":{"line":35,"column":2},"end":{"line":45,"column":3}},{"start":{},"end":{}}],"line":35},"4":{"loc":{"start":{"line":55,"column":2},"end":{"line":65,"column":3}},"type":"if","locations":[{"start":{"line":55,"column":2},"end":{"line":65,"column":3}},{"start":{},"end":{}}],"line":55},"5":{"loc":{"start":{"line":57,"column":4},"end":{"line":57,"column":71}},"type":"if","locations":[{"start":{"line":57,"column":4},"end":{"line":57,"column":71}},{"start":{},"end":{}}],"line":57},"6":{"loc":{"start":{"line":58,"column":4},"end":{"line":58,"column":69}},"type":"if","locations":[{"start":{"line":58,"column":4},"end":{"line":58,"column":69}},{"start":{},"end":{}}],"line":58},"7":{"loc":{"start":{"line":59,"column":4},"end":{"line":59,"column":56}},"type":"if","locations":[{"start":{"line":59,"column":4},"end":{"line":59,"column":56}},{"start":{},"end":{}}],"line":59},"8":{"loc":{"start":{"line":73,"column":2},"end":{"line":75,"column":3}},"type":"if","locations":[{"start":{"line":73,"column":2},"end":{"line":75,"column":3}},{"start":{},"end":{}}],"line":73},"9":{"loc":{"start":{"line":76,"column":2},"end":{"line":78,"column":3}},"type":"if","locations":[{"start":{"line":76,"column":2},"end":{"line":78,"column":3}},{"start":{},"end":{}}],"line":76},"10":{"loc":{"start":{"line":118,"column":2},"end":{"line":120,"column":3}},"type":"if","locations":[{"start":{"line":118,"column":2},"end":{"line":120,"column":3}},{"start":{},"end":{}}],"line":118},"11":{"loc":{"start":{"line":121,"column":2},"end":{"line":123,"column":3}},"type":"if","locations":[{"start":{"line":121,"column":2},"end":{"line":123,"column":3}},{"start":{},"end":{}}],"line":121},"12":{"loc":{"start":{"line":130,"column":2},"end":{"line":132,"column":3}},"type":"if","locations":[{"start":{"line":130,"column":2},"end":{"line":132,"column":3}},{"start":{},"end":{}}],"line":130},"13":{"loc":{"start":{"line":133,"column":2},"end":{"line":135,"column":3}},"type":"if","locations":[{"start":{"line":133,"column":2},"end":{"line":135,"column":3}},{"start":{},"end":{}}],"line":133},"14":{"loc":{"start":{"line":144,"column":2},"end":{"line":146,"column":3}},"type":"if","locations":[{"start":{"line":144,"column":2},"end":{"line":146,"column":3}},{"start":{},"end":{}}],"line":144},"15":{"loc":{"start":{"line":147,"column":2},"end":{"line":149,"column":3}},"type":"if","locations":[{"start":{"line":147,"column":2},"end":{"line":149,"column":3}},{"start":{},"end":{}}],"line":147}},"s":{"0":18,"1":3,"2":3,"3":1,"4":2,"5":1,"6":1,"7":10,"8":3,"9":0,"10":3,"11":3,"12":7,"13":3,"14":2,"15":2,"16":1,"17":2,"18":1,"19":2,"20":2,"21":2,"22":1,"23":6,"24":6,"25":1,"26":5,"27":1,"28":4,"29":7,"30":7,"31":7,"32":7,"33":1,"34":6,"35":1,"36":5,"37":7,"38":7,"39":1,"40":6,"41":2,"42":4,"43":3,"44":1,"45":2,"46":1,"47":1},"f":{"0":18,"1":3,"2":10,"3":3,"4":7,"5":6,"6":7,"7":7,"8":7,"9":3},"b":{"0":[1,2],"1":[1,1],"2":[10,7,5],"3":[0,3],"4":[2,1],"5":[1,1],"6":[1,1],"7":[2,0],"8":[1,5],"9":[1,4],"10":[1,6],"11":[1,5],"12":[1,6],"13":[2,4],"14":[1,2],"15":[1,1]},"_coverageSchema":"1a1c01bbd47fc00a2c39e90264f33305004495a9","hash":"5e84e14378fb471c4378b85de4f9b73df8d5e461"}
}
