TN:
SF:hooks\useAuth.ts
FN:12,useAuth
FN:15,(anonymous_1)
FN:40,(anonymous_2)
FN:77,(anonymous_3)
FN:93,(anonymous_4)
FN:114,(anonymous_5)
FN:130,(anonymous_6)
FN:135,(anonymous_7)
FNF:8
FNH:0
FNDA:0,useAuth
FNDA:0,(anonymous_1)
FNDA:0,(anonymous_2)
FNDA:0,(anonymous_3)
FNDA:0,(anonymous_4)
FNDA:0,(anonymous_5)
FNDA:0,(anonymous_6)
FNDA:0,(anonymous_7)
DA:13,0
DA:15,0
DA:16,0
DA:17,0
DA:19,0
DA:20,0
DA:22,0
DA:28,0
DA:30,0
DA:32,0
DA:33,0
DA:34,0
DA:36,0
DA:40,0
DA:47,0
DA:48,0
DA:50,0
DA:51,0
DA:53,0
DA:60,0
DA:63,0
DA:64,0
DA:67,0
DA:69,0
DA:70,0
DA:71,0
DA:73,0
DA:77,0
DA:78,0
DA:79,0
DA:81,0
DA:82,0
DA:83,0
DA:85,0
DA:86,0
DA:87,0
DA:89,0
DA:93,0
DA:94,0
DA:95,0
DA:97,0
DA:98,0
DA:100,0
DA:101,0
DA:104,0
DA:106,0
DA:107,0
DA:108,0
DA:110,0
DA:114,0
DA:115,0
DA:116,0
DA:118,0
DA:119,0
DA:120,0
DA:122,0
DA:123,0
DA:124,0
DA:126,0
DA:130,0
DA:131,0
DA:132,0
DA:135,0
DA:136,0
DA:139,0
LF:65
LH:0
BRDA:63,0,0,0
BRDA:63,0,1,0
BRDA:100,1,0,0
BRDA:100,1,1,0
BRDA:100,2,0,0
BRDA:100,2,1,0
BRF:6
BRH:0
end_of_record
TN:
SF:hooks\useImageUpload.ts
FN:35,useImageUpload
FN:50,(anonymous_1)
FN:51,(anonymous_2)
FN:57,(anonymous_3)
FN:71,(anonymous_4)
FN:96,(anonymous_5)
FN:110,(anonymous_6)
FN:114,(anonymous_7)
FN:132,(anonymous_8)
FN:143,(anonymous_9)
FN:156,(anonymous_10)
FN:167,(anonymous_11)
FN:178,(anonymous_12)
FN:179,(anonymous_13)
FN:201,(anonymous_14)
FNF:15
FNH:0
FNDA:0,useImageUpload
FNDA:0,(anonymous_1)
FNDA:0,(anonymous_2)
FNDA:0,(anonymous_3)
FNDA:0,(anonymous_4)
FNDA:0,(anonymous_5)
FNDA:0,(anonymous_6)
FNDA:0,(anonymous_7)
FNDA:0,(anonymous_8)
FNDA:0,(anonymous_9)
FNDA:0,(anonymous_10)
FNDA:0,(anonymous_11)
FNDA:0,(anonymous_12)
FNDA:0,(anonymous_13)
FNDA:0,(anonymous_14)
DA:36,0
DA:42,0
DA:43,0
DA:44,0
DA:49,0
DA:51,0
DA:53,0
DA:55,0
DA:56,0
DA:57,0
DA:62,0
DA:66,0
DA:69,0
DA:70,0
DA:71,0
DA:76,0
DA:80,0
DA:89,0
DA:93,0
DA:95,0
DA:96,0
DA:101,0
DA:110,0
DA:111,0
DA:112,0
DA:113,0
DA:114,0
DA:118,0
DA:121,0
DA:127,0
DA:128,0
DA:131,0
DA:132,0
DA:137,0
DA:143,0
DA:144,0
DA:145,0
DA:151,0
DA:152,0
DA:155,0
DA:156,0
DA:161,0
DA:167,0
DA:168,0
DA:178,0
DA:179,0
DA:185,0
DA:202,0
LF:48
LH:0
BRDA:35,0,0,0
BRDA:42,1,0,0
BRDA:42,1,1,0
BRDA:43,2,0,0
BRDA:43,2,1,0
BRDA:44,3,0,0
BRDA:44,3,1,0
BRDA:56,4,0,0
BRDA:56,4,1,0
BRDA:60,5,0,0
BRDA:60,5,1,0
BRDA:70,6,0,0
BRDA:70,6,1,0
BRDA:95,7,0,0
BRDA:95,7,1,0
BRDA:113,8,0,0
BRDA:113,8,1,0
BRDA:127,9,0,0
BRDA:127,9,1,0
BRDA:127,10,0,0
BRDA:127,10,1,0
BRDA:131,11,0,0
BRDA:131,11,1,0
BRDA:151,12,0,0
BRDA:151,12,1,0
BRDA:151,13,0,0
BRDA:151,13,1,0
BRDA:155,14,0,0
BRDA:155,14,1,0
BRDA:202,15,0,0
BRDA:202,15,1,0
BRF:31
BRH:0
end_of_record
TN:
SF:hooks\useLoadingError.ts
FN:24,useLoadingError
FN:28,(anonymous_1)
FN:46,(anonymous_2)
FNF:3
FNH:3
FNDA:20,useLoadingError
FNDA:10,(anonymous_1)
FNDA:1,(anonymous_2)
DA:25,20
DA:26,20
DA:28,20
DA:29,10
DA:30,10
DA:31,10
DA:32,10
DA:33,5
DA:36,5
DA:39,5
DA:40,5
DA:42,10
DA:46,20
DA:48,20
LF:14
LH:14
BRDA:36,0,0,4
BRDA:36,0,1,1
BRF:2
BRH:2
end_of_record
TN:
SF:hooks\useOfflineSupport.ts
FN:20,useOnlineStatus
FN:24,(anonymous_1)
FN:26,(anonymous_2)
FN:40,(anonymous_3)
FN:55,(anonymous_4)
FN:79,useSyncQueue
FN:85,(anonymous_6)
FN:89,(anonymous_7)
FN:94,(anonymous_8)
FN:124,useOfflineData
FN:137,(anonymous_10)
FN:207,(anonymous_11)
FN:224,handleNetworkRestored
FN:234,initializeOfflineSupport
FN:236,(anonymous_14)
FNF:15
FNH:0
FNDA:0,useOnlineStatus
FNDA:0,(anonymous_1)
FNDA:0,(anonymous_2)
FNDA:0,(anonymous_3)
FNDA:0,(anonymous_4)
FNDA:0,useSyncQueue
FNDA:0,(anonymous_6)
FNDA:0,(anonymous_7)
FNDA:0,(anonymous_8)
FNDA:0,useOfflineData
FNDA:0,(anonymous_10)
FNDA:0,(anonymous_11)
FNDA:0,handleNetworkRestored
FNDA:0,initializeOfflineSupport
FNDA:0,(anonymous_14)
DA:21,0
DA:22,0
DA:24,0
DA:26,0
DA:27,0
DA:28,0
DA:29,0
DA:30,0
DA:32,0
DA:33,0
DA:37,0
DA:40,0
DA:41,0
DA:42,0
DA:43,0
DA:45,0
DA:50,0
DA:51,0
DA:55,0
DA:56,0
DA:60,0
DA:80,0
DA:83,0
DA:85,0
DA:86,0
DA:89,0
DA:90,0
DA:91,0
DA:94,0
DA:95,0
DA:97,0
DA:101,0
DA:129,0
DA:130,0
DA:131,0
DA:132,0
DA:133,0
DA:135,0
DA:137,0
DA:138,0
DA:139,0
DA:141,0
DA:142,0
DA:144,0
DA:145,0
DA:146,0
DA:149,0
DA:154,0
DA:156,0
DA:159,0
DA:160,0
DA:161,0
DA:162,0
DA:163,0
DA:165,0
DA:166,0
DA:167,0
DA:168,0
DA:170,0
DA:171,0
DA:174,0
DA:175,0
DA:178,0
DA:179,0
DA:183,0
DA:184,0
DA:185,0
DA:188,0
DA:189,0
DA:190,0
DA:191,0
DA:192,0
DA:193,0
DA:194,0
DA:196,0
DA:199,0
DA:203,0
DA:207,0
DA:208,0
DA:211,0
DA:225,0
DA:236,0
DA:237,0
DA:240,0
LF:84
LH:0
BRDA:29,0,0,0
BRDA:29,0,1,0
BRDA:41,1,0,0
BRDA:41,1,1,0
BRDA:46,2,0,0
BRDA:46,2,1,0
BRDA:50,3,0,0
BRDA:50,3,1,0
BRDA:104,4,0,0
BRDA:104,4,1,0
BRDA:127,5,0,0
BRDA:135,6,0,0
BRDA:135,6,1,0
BRDA:142,7,0,0
BRDA:142,7,1,0
BRDA:160,8,0,0
BRDA:160,8,1,0
BRDA:165,9,0,0
BRDA:165,9,1,0
BRDA:183,10,0,0
BRDA:183,10,1,0
BRDA:184,11,0,0
BRDA:184,11,1,0
BRDA:189,12,0,0
BRDA:189,12,1,0
BRF:25
BRH:0
end_of_record
TN:
SF:hooks\useWorkerCapacity.ts
FN:15,useWorkerCapacity
FN:16,(anonymous_1)
FN:28,(anonymous_2)
FNF:3
FNH:0
FNDA:0,useWorkerCapacity
FNDA:0,(anonymous_1)
FNDA:0,(anonymous_2)
DA:3,0
DA:16,0
DA:18,0
DA:19,0
DA:27,0
DA:29,0
DA:37,0
DA:39,0
LF:8
LH:0
BRDA:18,0,0,0
BRDA:18,0,1,0
BRDA:29,1,0,0
BRDA:29,1,1,0
BRDA:29,1,2,0
BRDA:29,1,3,0
BRDA:29,1,4,0
BRDA:29,1,5,0
BRF:8
BRH:0
end_of_record
TN:
SF:utils\apiErrorHandling.ts
FN:22,classifyAxiosError
FN:93,handleApiError
FN:102,safeApiCall
FN:120,useApiCall
FN:128,(anonymous_4)
FN:162,(anonymous_5)
FN:167,(anonymous_6)
FN:172,(anonymous_7)
FN:176,(anonymous_8)
FN:192,validateApiContract
FN:220,withTimeout
FN:226,(anonymous_11)
FN:227,(anonymous_12)
FN:250,batchApiCalls
FN:255,(anonymous_14)
FNF:15
FNH:0
FNDA:0,classifyAxiosError
FNDA:0,handleApiError
FNDA:0,safeApiCall
FNDA:0,useApiCall
FNDA:0,(anonymous_4)
FNDA:0,(anonymous_5)
FNDA:0,(anonymous_6)
FNDA:0,(anonymous_7)
FNDA:0,(anonymous_8)
FNDA:0,validateApiContract
FNDA:0,withTimeout
FNDA:0,(anonymous_11)
FNDA:0,(anonymous_12)
FNDA:0,batchApiCalls
FNDA:0,(anonymous_14)
DA:23,0
DA:25,0
DA:26,0
DA:27,0
DA:35,0
DA:36,0
DA:44,0
DA:53,0
DA:54,0
DA:64,0
DA:65,0
DA:75,0
DA:76,0
DA:77,0
DA:87,0
DA:94,0
DA:95,0
DA:96,0
DA:106,0
DA:107,0
DA:108,0
DA:110,0
DA:111,0
DA:123,0
DA:124,0
DA:125,0
DA:127,0
DA:132,0
DA:133,0
DA:134,0
DA:135,0
DA:139,0
DA:140,0
DA:142,0
DA:143,0
DA:144,0
DA:146,0
DA:152,0
DA:160,0
DA:163,0
DA:164,0
DA:168,0
DA:169,0
DA:173,0
DA:177,0
DA:196,0
DA:198,0
DA:199,0
DA:202,0
DA:203,0
DA:204,0
DA:207,0
DA:208,0
DA:209,0
DA:213,0
DA:226,0
DA:227,0
DA:228,0
DA:232,0
DA:233,0
DA:235,0
DA:236,0
DA:254,0
DA:255,0
DA:258,0
DA:259,0
DA:261,0
DA:262,0
DA:263,0
DA:264,0
DA:265,0
DA:266,0
DA:269,0
DA:275,0
LF:74
LH:0
BRDA:23,0,0,0
BRDA:23,0,1,0
BRDA:25,1,0,0
BRDA:25,1,1,0
BRDA:26,2,0,0
BRDA:26,2,1,0
BRDA:35,3,0,0
BRDA:35,3,1,0
BRDA:53,4,0,0
BRDA:53,4,1,0
BRDA:56,5,0,0
BRDA:56,5,1,0
BRDA:64,6,0,0
BRDA:64,6,1,0
BRDA:64,7,0,0
BRDA:64,7,1,0
BRDA:75,8,0,0
BRDA:75,8,1,0
BRDA:75,9,0,0
BRDA:75,9,1,0
BRDA:76,10,0,0
BRDA:76,10,1,0
BRDA:173,11,0,0
BRDA:173,11,1,0
BRDA:198,12,0,0
BRDA:198,12,1,0
BRDA:202,13,0,0
BRDA:202,13,1,0
BRDA:202,14,0,0
BRDA:202,14,1,0
BRDA:208,15,0,0
BRDA:208,15,1,0
BRDA:222,16,0,0
BRDA:235,17,0,0
BRDA:235,17,1,0
BRDA:262,18,0,0
BRDA:262,18,1,0
BRDA:263,19,0,0
BRDA:263,19,1,0
BRDA:265,20,0,0
BRDA:265,20,1,0
BRF:41
BRH:0
end_of_record
TN:
SF:utils\apiErrors.ts
FN:9,normalizeError
FN:50,isHttpError
FNF:2
FNH:0
FNDA:0,normalizeError
FNDA:0,isHttpError
DA:10,0
DA:11,0
DA:14,0
DA:15,0
DA:21,0
DA:22,0
DA:23,0
DA:29,0
DA:36,0
DA:51,0
LF:10
LH:0
BRDA:10,0,0,0
BRDA:10,0,1,0
BRDA:14,1,0,0
BRDA:14,1,1,0
BRDA:21,2,0,0
BRDA:21,2,1,0
BRDA:22,3,0,0
BRDA:22,3,1,0
BRDA:31,4,0,0
BRDA:31,4,1,0
BRDA:52,5,0,0
BRDA:52,5,1,0
BRDA:52,5,2,0
BRDA:52,5,3,0
BRF:14
BRH:0
end_of_record
TN:
SF:utils\errorHandling.ts
FN:26,normalizeError
FN:125,(anonymous_1)
FN:132,(anonymous_2)
FN:139,(anonymous_3)
FN:148,(anonymous_4)
FN:165,isApiErrorResponse
FN:174,isNetworkError
FN:178,isTimeoutError
FN:199,(anonymous_8)
FN:228,(anonymous_9)
FN:232,(anonymous_10)
FN:236,(anonymous_11)
FN:253,captureErrorBoundary
FN:273,withRetry
FN:282,(anonymous_14)
FN:309,(anonymous_15)
FN:321,setupGlobalErrorHandler
FN:325,(anonymous_17)
FN:342,formatErrorForUser
FNF:19
FNH:13
FNDA:13,normalizeError
FNDA:7,(anonymous_1)
FNDA:1,(anonymous_2)
FNDA:2,(anonymous_3)
FNDA:1,(anonymous_4)
FNDA:3,isApiErrorResponse
FNDA:0,isNetworkError
FNDA:0,isTimeoutError
FNDA:153,(anonymous_8)
FNDA:3,(anonymous_9)
FNDA:15,(anonymous_10)
FNDA:1,(anonymous_11)
FNDA:0,captureErrorBoundary
FNDA:4,withRetry
FNDA:7,(anonymous_14)
FNDA:5,(anonymous_15)
FNDA:0,setupGlobalErrorHandler
FNDA:0,(anonymous_17)
FNDA:0,formatErrorForUser
DA:28,13
DA:29,7
DA:37,6
DA:38,1
DA:46,5
DA:47,2
DA:56,3
DA:57,0
DA:59,0
DA:60,0
DA:69,0
DA:70,0
DA:79,0
DA:80,0
DA:91,3
DA:92,2
DA:102,1
DA:103,1
DA:112,0
DA:126,7
DA:127,7
DA:133,1
DA:134,1
DA:140,2
DA:141,2
DA:149,1
DA:150,1
DA:151,1
DA:166,3
DA:175,0
DA:179,0
DA:196,2
DA:197,2
DA:200,153
DA:209,153
DA:212,153
DA:213,50
DA:217,153
DA:218,153
DA:229,3
DA:233,15
DA:237,1
DA:241,2
DA:254,0
DA:282,7
DA:283,4
DA:285,4
DA:287,4
DA:288,9
DA:289,9
DA:291,7
DA:294,7
DA:295,2
DA:299,5
DA:304,5
DA:309,5
DA:314,0
DA:323,0
DA:324,0
DA:325,0
DA:326,0
DA:330,0
DA:332,0
DA:336,0
DA:344,0
LF:65
LH:45
BRDA:28,0,0,7
BRDA:28,0,1,6
BRDA:37,1,0,1
BRDA:37,1,1,5
BRDA:46,2,0,2
BRDA:46,2,1,3
BRDA:56,3,0,0
BRDA:56,3,1,3
BRDA:59,4,0,0
BRDA:59,4,1,0
BRDA:59,5,0,0
BRDA:59,5,1,0
BRDA:69,6,0,0
BRDA:69,6,1,0
BRDA:79,7,0,0
BRDA:79,7,1,0
BRDA:84,8,0,0
BRDA:84,8,1,0
BRDA:91,9,0,2
BRDA:91,9,1,1
BRDA:102,10,0,1
BRDA:102,10,1,0
BRDA:125,11,0,0
BRDA:132,12,0,0
BRDA:139,13,0,0
BRDA:148,14,0,0
BRDA:167,15,0,3
BRDA:167,15,1,2
BRDA:167,15,2,2
BRDA:167,15,3,0
BRDA:212,16,0,50
BRDA:212,16,1,103
BRDA:217,17,0,153
BRDA:217,17,1,0
BRDA:275,18,0,0
BRDA:278,19,0,0
BRDA:279,20,0,3
BRDA:280,21,0,4
BRDA:281,22,0,3
BRDA:282,23,0,4
BRDA:294,24,0,2
BRDA:294,24,1,5
BRDA:294,25,0,7
BRDA:294,25,1,6
BRDA:314,26,0,0
BRDA:314,26,1,0
BRDA:323,27,0,0
BRDA:323,27,1,0
BRDA:326,28,0,0
BRDA:326,28,1,0
BRDA:344,29,0,0
BRDA:344,29,1,0
BRDA:344,29,2,0
BRF:53
BRH:24
end_of_record
TN:
SF:utils\formValidation.ts
FN:32,validateFieldModule
FN:100,validateField
FN:107,validateForm
FN:129,validateFieldAsync
FN:163,useFormValidation
FN:173,(anonymous_5)
FN:180,(anonymous_6)
FN:196,(anonymous_7)
FN:197,(anonymous_8)
FN:205,(anonymous_9)
FN:220,(anonymous_10)
FN:221,(anonymous_11)
FN:228,(anonymous_12)
FN:241,(anonymous_13)
FN:248,(anonymous_14)
FN:260,(anonymous_15)
FN:270,(anonymous_16)
FN:272,(anonymous_17)
FN:273,(anonymous_18)
FN:298,throwValidationError
FN:307,formatValidationErrors
FNF:21
FNH:4
FNDA:17,validateFieldModule
FNDA:17,validateField
FNDA:2,validateForm
FNDA:4,validateFieldAsync
FNDA:0,useFormValidation
FNDA:0,(anonymous_5)
FNDA:0,(anonymous_6)
FNDA:0,(anonymous_7)
FNDA:0,(anonymous_8)
FNDA:0,(anonymous_9)
FNDA:0,(anonymous_10)
FNDA:0,(anonymous_11)
FNDA:0,(anonymous_12)
FNDA:0,(anonymous_13)
FNDA:0,(anonymous_14)
FNDA:0,(anonymous_15)
FNDA:0,(anonymous_16)
FNDA:0,(anonymous_17)
FNDA:0,(anonymous_18)
FNDA:0,throwValidationError
FNDA:0,formatValidationErrors
DA:33,17
DA:35,17
DA:36,17
DA:37,17
DA:39,17
DA:41,1
DA:42,1
DA:43,1
DA:46,9
DA:47,9
DA:48,9
DA:51,3
DA:52,3
DA:53,3
DA:56,1
DA:57,1
DA:58,1
DA:61,1
DA:62,1
DA:63,1
DA:66,1
DA:67,1
DA:68,1
DA:71,1
DA:72,1
DA:73,1
DA:76,0
DA:77,0
DA:78,0
DA:81,0
DA:82,0
DA:83,0
DA:86,0
DA:89,17
DA:90,11
DA:94,6
DA:101,17
DA:110,2
DA:112,2
DA:113,4
DA:114,4
DA:115,2
DA:119,2
DA:134,4
DA:135,4
DA:136,1
DA:140,3
DA:141,3
DA:142,3
DA:143,2
DA:144,1
DA:150,1
DA:157,1
DA:167,0
DA:168,0
DA:169,0
DA:170,0
DA:172,0
DA:174,0
DA:179,0
DA:181,0
DA:182,0
DA:189,0
DA:190,0
DA:195,0
DA:197,0
DA:203,0
DA:204,0
DA:205,0
DA:206,0
DA:207,0
DA:208,0
DA:210,0
DA:212,0
DA:219,0
DA:221,0
DA:227,0
DA:228,0
DA:229,0
DA:230,0
DA:231,0
DA:233,0
DA:235,0
DA:241,0
DA:242,0
DA:243,0
DA:244,0
DA:245,0
DA:248,0
DA:249,0
DA:251,0
DA:252,0
DA:253,0
DA:254,0
DA:258,0
DA:259,0
DA:261,0
DA:262,0
DA:266,0
DA:269,0
DA:270,0
DA:272,0
DA:273,0
DA:280,0
DA:301,0
DA:308,0
LF:106
LH:46
BRDA:39,0,0,1
BRDA:39,0,1,9
BRDA:39,0,2,3
BRDA:39,0,3,1
BRDA:39,0,4,1
BRDA:39,0,5,1
BRDA:39,0,6,1
BRDA:39,0,7,0
BRDA:39,0,8,0
BRDA:39,0,9,0
BRDA:41,1,0,1
BRDA:41,1,1,0
BRDA:41,1,2,0
BRDA:42,2,0,1
BRDA:42,2,1,1
BRDA:46,3,0,9
BRDA:46,3,1,9
BRDA:47,4,0,9
BRDA:47,4,1,8
BRDA:51,5,0,3
BRDA:51,5,1,3
BRDA:52,6,0,3
BRDA:52,6,1,3
BRDA:56,7,0,1
BRDA:56,7,1,1
BRDA:57,8,0,1
BRDA:57,8,1,1
BRDA:61,9,0,1
BRDA:61,9,1,1
BRDA:62,10,0,1
BRDA:62,10,1,1
BRDA:66,11,0,1
BRDA:66,11,1,1
BRDA:67,12,0,1
BRDA:67,12,1,1
BRDA:72,13,0,1
BRDA:72,13,1,1
BRDA:76,14,0,0
BRDA:76,14,1,0
BRDA:77,15,0,0
BRDA:77,15,1,0
BRDA:82,16,0,0
BRDA:82,16,1,0
BRDA:89,17,0,11
BRDA:89,17,1,6
BRDA:114,18,0,2
BRDA:114,18,1,2
BRDA:114,19,0,4
BRDA:114,19,1,2
BRDA:135,20,0,1
BRDA:135,20,1,3
BRDA:140,21,0,3
BRDA:140,21,1,0
BRDA:143,22,0,1
BRDA:143,22,1,1
BRDA:174,23,0,0
BRDA:174,23,1,0
BRDA:203,24,0,0
BRDA:203,24,1,0
BRDA:207,25,0,0
BRDA:207,25,1,0
BRDA:210,26,0,0
BRDA:210,26,1,0
BRDA:230,27,0,0
BRDA:230,27,1,0
BRDA:233,28,0,0
BRDA:233,28,1,0
BRDA:253,29,0,0
BRDA:253,29,1,0
BRDA:253,30,0,0
BRDA:253,30,1,0
BRDA:271,31,0,0
BRDA:271,31,1,0
BRDA:274,32,0,0
BRDA:274,32,1,0
BRDA:275,33,0,0
BRDA:275,33,1,0
BRF:77
BRH:43
end_of_record
TN:
SF:utils\formatCurrency.ts
FN:1,formatCurrency
FNF:1
FNH:0
FNDA:0,formatCurrency
DA:2,0
LF:1
LH:0
BRF:0
BRH:0
end_of_record
TN:
SF:utils\formatDate.ts
FN:3,formatDate
FNF:1
FNH:0
FNDA:0,formatDate
DA:4,0
LF:1
LH:0
BRDA:3,0,0,0
BRF:1
BRH:0
end_of_record
TN:
SF:utils\formatTime.ts
FN:3,formatTime
FNF:1
FNH:0
FNDA:0,formatTime
DA:4,0
LF:1
LH:0
BRF:0
BRH:0
end_of_record
TN:
SF:utils\imageCompressor.ts
FN:23,compressImage
FN:67,validateImageSize
FN:108,getFileSizeFromUri
FN:128,formatFileSize
FNF:4
FNH:4
FNDA:4,compressImage
FNDA:3,validateImageSize
FNDA:9,getFileSizeFromUri
FNDA:6,formatFileSize
DA:28,4
DA:30,4
DA:33,4
DA:46,3
DA:48,3
DA:55,1
DA:56,1
DA:72,3
DA:73,3
DA:74,2
DA:76,2
DA:77,1
DA:78,1
DA:79,1
DA:86,1
DA:88,1
DA:89,1
DA:109,9
DA:110,1
DA:119,8
DA:129,6
DA:130,5
DA:131,5
DA:132,5
DA:133,5
LF:25
LH:25
BRDA:25,0,0,3
BRDA:26,1,0,3
BRDA:69,2,0,1
BRDA:73,3,0,3
BRDA:73,3,1,2
BRDA:76,4,0,1
BRDA:76,4,1,1
BRDA:109,5,0,1
BRDA:109,5,1,8
BRDA:129,6,0,1
BRDA:129,6,1,5
BRF:11
BRH:11
end_of_record
TN:
SF:utils\memoryLeak.ts
FN:12,useSubscription
FN:17,(anonymous_1)
FN:18,(anonymous_2)
FN:22,(anonymous_3)
FN:33,useAsync
FN:47,(anonymous_5)
FN:52,(anonymous_6)
FN:58,(anonymous_7)
FN:64,(anonymous_8)
FN:76,useTimeout
FN:79,(anonymous_10)
FN:83,(anonymous_11)
FN:86,(anonymous_12)
FN:90,(anonymous_13)
FN:97,useInterval
FN:100,(anonymous_15)
FN:104,(anonymous_16)
FN:107,(anonymous_17)
FN:111,(anonymous_18)
FN:118,useEventListener
FN:125,(anonymous_20)
FN:129,(anonymous_21)
FN:133,(anonymous_22)
FN:136,(anonymous_23)
FN:148,(anonymous_24)
FN:152,(anonymous_25)
FN:164,(anonymous_26)
FN:172,useCleanup
FN:176,(anonymous_28)
FN:177,(anonymous_29)
FN:188,useSafeCallback
FN:194,(anonymous_31)
FN:197,(anonymous_32)
FN:203,(anonymous_33)
FN:219,(anonymous_34)
FN:222,(anonymous_35)
FN:230,(anonymous_36)
FN:231,(anonymous_37)
FN:240,(anonymous_38)
FN:242,(anonymous_39)
FN:246,(anonymous_40)
FNF:41
FNH:0
FNDA:0,useSubscription
FNDA:0,(anonymous_1)
FNDA:0,(anonymous_2)
FNDA:0,(anonymous_3)
FNDA:0,useAsync
FNDA:0,(anonymous_5)
FNDA:0,(anonymous_6)
FNDA:0,(anonymous_7)
FNDA:0,(anonymous_8)
FNDA:0,useTimeout
FNDA:0,(anonymous_10)
FNDA:0,(anonymous_11)
FNDA:0,(anonymous_12)
FNDA:0,(anonymous_13)
FNDA:0,useInterval
FNDA:0,(anonymous_15)
FNDA:0,(anonymous_16)
FNDA:0,(anonymous_17)
FNDA:0,(anonymous_18)
FNDA:0,useEventListener
FNDA:0,(anonymous_20)
FNDA:0,(anonymous_21)
FNDA:0,(anonymous_22)
FNDA:0,(anonymous_23)
FNDA:0,(anonymous_24)
FNDA:0,(anonymous_25)
FNDA:0,(anonymous_26)
FNDA:0,useCleanup
FNDA:0,(anonymous_28)
FNDA:0,(anonymous_29)
FNDA:0,useSafeCallback
FNDA:0,(anonymous_31)
FNDA:0,(anonymous_32)
FNDA:0,(anonymous_33)
FNDA:0,(anonymous_34)
FNDA:0,(anonymous_35)
FNDA:0,(anonymous_36)
FNDA:0,(anonymous_37)
FNDA:0,(anonymous_38)
FNDA:0,(anonymous_39)
FNDA:0,(anonymous_40)
DA:15,0
DA:17,0
DA:18,0
DA:19,0
DA:22,0
DA:23,0
DA:27,0
DA:37,0
DA:45,0
DA:47,0
DA:48,0
DA:49,0
DA:51,0
DA:53,0
DA:54,0
DA:55,0
DA:59,0
DA:60,0
DA:64,0
DA:65,0
DA:66,0
DA:70,0
DA:77,0
DA:79,0
DA:80,0
DA:83,0
DA:84,0
DA:86,0
DA:87,0
DA:90,0
DA:98,0
DA:100,0
DA:101,0
DA:104,0
DA:105,0
DA:107,0
DA:108,0
DA:111,0
DA:123,0
DA:125,0
DA:126,0
DA:129,0
DA:130,0
DA:131,0
DA:133,0
DA:134,0
DA:136,0
DA:137,0
DA:146,0
DA:149,0
DA:154,0
DA:155,0
DA:156,0
DA:158,0
DA:161,0
DA:165,0
DA:173,0
DA:174,0
DA:176,0
DA:177,0
DA:178,0
DA:182,0
DA:191,0
DA:192,0
DA:194,0
DA:195,0
DA:197,0
DA:198,0
DA:202,0
DA:204,0
DA:205,0
DA:216,0
DA:217,0
DA:220,0
DA:222,0
DA:223,0
DA:226,0
DA:227,0
DA:231,0
DA:232,0
DA:233,0
DA:235,0
DA:241,0
DA:242,0
DA:243,0
DA:247,0
LF:86
LH:0
BRDA:53,0,0,0
BRDA:53,0,1,0
BRDA:53,1,0,0
BRDA:53,1,1,0
BRDA:59,2,0,0
BRDA:59,2,1,0
BRDA:59,3,0,0
BRDA:59,3,1,0
BRDA:84,4,0,0
BRDA:84,4,1,0
BRDA:105,5,0,0
BRDA:105,5,1,0
BRDA:121,6,0,0
BRDA:130,7,0,0
BRDA:130,7,1,0
BRDA:130,8,0,0
BRDA:130,8,1,0
BRDA:131,9,0,0
BRDA:131,9,1,0
BRDA:204,10,0,0
BRDA:204,10,1,0
BRDA:204,11,0,0
BRDA:204,11,1,0
BRF:23
BRH:0
end_of_record
TN:
SF:utils\notificationHandlers.ts
FN:19,setupNotificationReceivedHandler
FN:20,(anonymous_1)
FN:48,setupNotificationInteractionHandler
FN:51,(anonymous_3)
FN:76,routeNotification
FN:130,playNotificationFeedback
FN:158,createNotificationPayload
FN:209,clearNotificationBadge
FN:220,updateNotificationBadge
FN:223,(anonymous_9)
FNF:10
FNH:0
FNDA:0,setupNotificationReceivedHandler
FNDA:0,(anonymous_1)
FNDA:0,setupNotificationInteractionHandler
FNDA:0,(anonymous_3)
FNDA:0,routeNotification
FNDA:0,playNotificationFeedback
FNDA:0,createNotificationPayload
FNDA:0,clearNotificationBadge
FNDA:0,updateNotificationBadge
FNDA:0,(anonymous_9)
DA:20,0
DA:21,0
DA:22,0
DA:24,0
DA:27,0
DA:28,0
DA:37,0
DA:39,0
DA:51,0
DA:52,0
DA:53,0
DA:55,0
DA:58,0
DA:59,0
DA:61,0
DA:65,0
DA:66,0
DA:68,0
DA:77,0
DA:79,0
DA:80,0
DA:82,0
DA:83,0
DA:85,0
DA:87,0
DA:90,0
DA:91,0
DA:93,0
DA:95,0
DA:98,0
DA:99,0
DA:101,0
DA:103,0
DA:106,0
DA:107,0
DA:109,0
DA:111,0
DA:115,0
DA:116,0
DA:119,0
DA:120,0
DA:123,0
DA:131,0
DA:133,0
DA:135,0
DA:137,0
DA:138,0
DA:140,0
DA:141,0
DA:143,0
DA:144,0
DA:146,0
DA:149,0
DA:162,0
DA:168,0
DA:170,0
DA:177,0
DA:184,0
DA:191,0
DA:198,0
DA:210,0
DA:211,0
DA:213,0
DA:221,0
DA:222,0
DA:223,0
DA:224,0
DA:226,0
LF:68
LH:0
BRDA:58,0,0,0
BRDA:58,0,1,0
BRDA:58,1,0,0
BRDA:58,1,1,0
BRDA:80,2,0,0
BRDA:80,2,1,0
BRDA:80,2,2,0
BRDA:80,2,3,0
BRDA:80,2,4,0
BRDA:80,2,5,0
BRDA:82,3,0,0
BRDA:82,3,1,0
BRDA:90,4,0,0
BRDA:90,4,1,0
BRDA:98,5,0,0
BRDA:98,5,1,0
BRDA:106,6,0,0
BRDA:106,6,1,0
BRDA:135,7,0,0
BRDA:135,7,1,0
BRDA:135,7,2,0
BRDA:135,7,3,0
BRDA:168,8,0,0
BRDA:168,8,1,0
BRDA:168,8,2,0
BRDA:168,8,3,0
BRDA:168,8,4,0
BRDA:172,9,0,0
BRDA:172,9,1,0
BRDA:173,10,0,0
BRDA:173,10,1,0
BRDA:179,11,0,0
BRDA:179,11,1,0
BRDA:180,12,0,0
BRDA:180,12,1,0
BRDA:187,13,0,0
BRDA:187,13,1,0
BRDA:194,14,0,0
BRDA:194,14,1,0
BRDA:200,15,0,0
BRDA:200,15,1,0
BRDA:201,16,0,0
BRDA:201,16,1,0
BRF:43
BRH:0
end_of_record
TN:
SF:utils\performanceOptimization.ts
FN:29,useInterruptibleAnimation
FN:38,(anonymous_1)
FN:55,(anonymous_2)
FN:62,(anonymous_3)
FN:70,(anonymous_4)
FN:71,(anonymous_5)
FN:105,useStaggeredAnimation
FN:113,(anonymous_7)
FN:116,(anonymous_8)
FN:117,(anonymous_9)
FN:130,(anonymous_10)
FN:142,(anonymous_11)
FN:149,(anonymous_12)
FN:150,(anonymous_13)
FN:169,useFlatListOptimization
FN:189,(anonymous_15)
FN:202,(anonymous_16)
FN:224,useImageOptimization
FN:227,(anonymous_18)
FN:254,useDebouncedCallback
FN:260,(anonymous_20)
FN:261,(anonymous_21)
FN:268,(anonymous_22)
FN:273,(anonymous_23)
FN:291,useThrottledCallback
FN:298,(anonymous_25)
FN:299,(anonymous_26)
FN:306,(anonymous_27)
FN:317,(anonymous_28)
FN:331,useMemoryWarning
FN:332,(anonymous_30)
FN:337,(anonymous_31)
FN:347,(anonymous_32)
FN:353,(anonymous_33)
FN:366,(anonymous_34)
FNF:35
FNH:0
FNDA:0,useInterruptibleAnimation
FNDA:0,(anonymous_1)
FNDA:0,(anonymous_2)
FNDA:0,(anonymous_3)
FNDA:0,(anonymous_4)
FNDA:0,(anonymous_5)
FNDA:0,useStaggeredAnimation
FNDA:0,(anonymous_7)
FNDA:0,(anonymous_8)
FNDA:0,(anonymous_9)
FNDA:0,(anonymous_10)
FNDA:0,(anonymous_11)
FNDA:0,(anonymous_12)
FNDA:0,(anonymous_13)
FNDA:0,useFlatListOptimization
FNDA:0,(anonymous_15)
FNDA:0,(anonymous_16)
FNDA:0,useImageOptimization
FNDA:0,(anonymous_18)
FNDA:0,useDebouncedCallback
FNDA:0,(anonymous_20)
FNDA:0,(anonymous_21)
FNDA:0,(anonymous_22)
FNDA:0,(anonymous_23)
FNDA:0,useThrottledCallback
FNDA:0,(anonymous_25)
FNDA:0,(anonymous_26)
FNDA:0,(anonymous_27)
FNDA:0,(anonymous_28)
FNDA:0,useMemoryWarning
FNDA:0,(anonymous_30)
FNDA:0,(anonymous_31)
FNDA:0,(anonymous_32)
FNDA:0,(anonymous_33)
FNDA:0,(anonymous_34)
DA:34,0
DA:35,0
DA:36,0
DA:38,0
DA:40,0
DA:41,0
DA:44,0
DA:45,0
DA:52,0
DA:55,0
DA:56,0
DA:57,0
DA:58,0
DA:62,0
DA:63,0
DA:64,0
DA:66,0
DA:67,0
DA:70,0
DA:71,0
DA:72,0
DA:76,0
DA:110,0
DA:113,0
DA:116,0
DA:117,0
DA:118,0
DA:127,0
DA:130,0
DA:142,0
DA:143,0
DA:146,0
DA:150,0
DA:183,0
DA:185,0
DA:187,0
DA:189,0
DA:202,0
DA:225,0
DA:227,0
DA:228,0
DA:236,0
DA:258,0
DA:260,0
DA:261,0
DA:262,0
DA:263,0
DA:268,0
DA:269,0
DA:270,0
DA:273,0
DA:274,0
DA:295,0
DA:296,0
DA:298,0
DA:299,0
DA:300,0
DA:301,0
DA:306,0
DA:307,0
DA:309,0
DA:310,0
DA:311,0
DA:313,0
DA:314,0
DA:317,0
DA:318,0
DA:319,0
DA:332,0
DA:335,0
DA:337,0
DA:346,0
DA:348,0
DA:349,0
DA:354,0
DA:355,0
DA:356,0
DA:357,0
DA:358,0
DA:359,0
DA:361,0
DA:367,0
DA:368,0
LF:83
LH:0
BRDA:32,0,0,0
BRDA:38,1,0,0
BRDA:38,2,0,0
BRDA:40,3,0,0
BRDA:40,3,1,0
BRDA:56,4,0,0
BRDA:56,4,1,0
BRDA:63,5,0,0
BRDA:63,5,1,0
BRDA:66,6,0,0
BRDA:66,6,1,0
BRDA:107,7,0,0
BRDA:108,8,0,0
BRDA:116,9,0,0
BRDA:170,10,0,0
BRDA:171,11,0,0
BRDA:180,12,0,0
BRDA:181,13,0,0
BRDA:182,14,0,0
BRDA:185,15,0,0
BRDA:185,15,1,0
BRDA:256,16,0,0
BRDA:262,17,0,0
BRDA:262,17,1,0
BRDA:269,18,0,0
BRDA:269,18,1,0
BRDA:293,19,0,0
BRDA:300,20,0,0
BRDA:300,20,1,0
BRDA:309,21,0,0
BRDA:309,21,1,0
BRDA:313,22,0,0
BRDA:313,22,1,0
BRDA:348,23,0,0
BRDA:348,23,1,0
BRDA:354,24,0,0
BRDA:354,24,1,0
BRDA:367,25,0,0
BRDA:367,25,1,0
BRF:39
BRH:0
end_of_record
TN:
SF:utils\pricing.ts
FN:53,calculatePriceBreakdown
FN:86,formatPrice
FN:93,getTipSuggestions
FN:104,getServiceBaseRate
FN:112,isValidTipAmount
FNF:5
FNH:0
FNDA:0,calculatePriceBreakdown
FNDA:0,formatPrice
FNDA:0,getTipSuggestions
FNDA:0,getServiceBaseRate
FNDA:0,isValidTipAmount
DA:8,0
DA:18,0
DA:61,0
DA:65,0
DA:66,0
DA:67,0
DA:68,0
DA:70,0
DA:87,0
DA:94,0
DA:95,0
DA:96,0
DA:98,0
DA:105,0
DA:106,0
DA:113,0
LF:16
LH:0
BRDA:55,0,0,0
BRDA:56,1,0,0
BRDA:57,2,0,0
BRDA:61,3,0,0
BRDA:61,3,1,0
BRDA:106,4,0,0
BRDA:106,4,1,0
BRDA:113,5,0,0
BRDA:113,5,1,0
BRF:9
BRH:0
end_of_record
TN:
SF:utils\statusBadgeHelper.ts
FN:4,getStatusColor
FNF:1
FNH:0
FNDA:0,getStatusColor
DA:5,0
DA:8,0
DA:10,0
DA:12,0
DA:16,0
DA:18,0
DA:20,0
LF:7
LH:0
BRDA:5,0,0,0
BRDA:5,0,1,0
BRDA:5,0,2,0
BRDA:5,0,3,0
BRDA:5,0,4,0
BRDA:5,0,5,0
BRDA:5,0,6,0
BRDA:5,0,7,0
BRDA:5,0,8,0
BRF:9
BRH:0
end_of_record
TN:
SF:utils\storage.ts
FN:16,(anonymous_0)
FN:24,(anonymous_1)
FN:33,(anonymous_2)
FN:41,(anonymous_3)
FN:51,(anonymous_4)
FN:63,(anonymous_5)
FN:71,(anonymous_6)
FN:81,(anonymous_7)
FN:90,(anonymous_8)
FN:102,(anonymous_9)
FN:112,(anonymous_10)
FN:123,(anonymous_11)
FN:131,(anonymous_12)
FN:141,(anonymous_13)
FN:152,(anonymous_14)
FN:167,(anonymous_15)
FN:179,(anonymous_16)
FN:188,(anonymous_17)
FN:199,(anonymous_18)
FN:214,(anonymous_19)
FN:224,(anonymous_20)
FN:235,(anonymous_21)
FN:247,(anonymous_22)
FN:257,(anonymous_23)
FN:268,(anonymous_24)
FN:279,(anonymous_25)
FNF:26
FNH:0
FNDA:0,(anonymous_0)
FNDA:0,(anonymous_1)
FNDA:0,(anonymous_2)
FNDA:0,(anonymous_3)
FNDA:0,(anonymous_4)
FNDA:0,(anonymous_5)
FNDA:0,(anonymous_6)
FNDA:0,(anonymous_7)
FNDA:0,(anonymous_8)
FNDA:0,(anonymous_9)
FNDA:0,(anonymous_10)
FNDA:0,(anonymous_11)
FNDA:0,(anonymous_12)
FNDA:0,(anonymous_13)
FNDA:0,(anonymous_14)
FNDA:0,(anonymous_15)
FNDA:0,(anonymous_16)
FNDA:0,(anonymous_17)
FNDA:0,(anonymous_18)
FNDA:0,(anonymous_19)
FNDA:0,(anonymous_20)
FNDA:0,(anonymous_21)
FNDA:0,(anonymous_22)
FNDA:0,(anonymous_23)
FNDA:0,(anonymous_24)
FNDA:0,(anonymous_25)
DA:3,0
DA:15,0
DA:17,0
DA:18,0
DA:20,0
DA:25,0
DA:26,0
DA:28,0
DA:29,0
DA:34,0
DA:35,0
DA:37,0
DA:42,0
DA:43,0
DA:44,0
DA:46,0
DA:47,0
DA:52,0
DA:53,0
DA:54,0
DA:56,0
DA:62,0
DA:64,0
DA:65,0
DA:67,0
DA:72,0
DA:73,0
DA:74,0
DA:76,0
DA:77,0
DA:82,0
DA:83,0
DA:85,0
DA:91,0
DA:92,0
DA:96,0
DA:98,0
DA:103,0
DA:104,0
DA:105,0
DA:107,0
DA:108,0
DA:113,0
DA:114,0
DA:116,0
DA:122,0
DA:124,0
DA:125,0
DA:127,0
DA:132,0
DA:133,0
DA:134,0
DA:136,0
DA:137,0
DA:142,0
DA:143,0
DA:145,0
DA:151,0
DA:153,0
DA:154,0
DA:158,0
DA:163,0
DA:168,0
DA:169,0
DA:172,0
DA:174,0
DA:175,0
DA:180,0
DA:181,0
DA:182,0
DA:187,0
DA:188,0
DA:189,0
DA:192,0
DA:198,0
DA:200,0
DA:201,0
DA:205,0
DA:210,0
DA:215,0
DA:216,0
DA:217,0
DA:219,0
DA:220,0
DA:225,0
DA:226,0
DA:228,0
DA:234,0
DA:236,0
DA:237,0
DA:241,0
DA:243,0
DA:248,0
DA:249,0
DA:250,0
DA:252,0
DA:253,0
DA:258,0
DA:259,0
DA:261,0
DA:267,0
DA:269,0
DA:270,0
DA:272,0
DA:280,0
DA:281,0
DA:287,0
DA:289,0
LF:108
LH:0
BRDA:44,0,0,0
BRDA:44,0,1,0
BRDA:74,1,0,0
BRDA:74,1,1,0
BRDA:105,2,0,0
BRDA:105,2,1,0
BRDA:134,3,0,0
BRDA:134,3,1,0
BRDA:172,4,0,0
BRDA:172,4,1,0
BRDA:181,5,0,0
BRDA:181,5,1,0
BRDA:217,6,0,0
BRDA:217,6,1,0
BRDA:250,7,0,0
BRDA:250,7,1,0
BRF:16
BRH:0
end_of_record
TN:
SF:utils\validators.ts
FN:2,isValidEmail
FN:6,validateEmail
FN:18,isValidPassword
FN:26,validatePassword
FN:53,(anonymous_4)
FN:71,validateName
FN:83,validatePhone
FN:86,(anonymous_7)
FN:128,validateOTP
FN:140,validatePasswordMatch
FNF:10
FNH:10
FNDA:18,isValidEmail
FNDA:3,validateEmail
FNDA:10,isValidPassword
FNDA:3,validatePassword
FNDA:7,(anonymous_4)
FNDA:6,validateName
FNDA:7,validatePhone
FNDA:7,(anonymous_7)
FNDA:7,validateOTP
FNDA:3,validatePasswordMatch
DA:3,18
DA:7,3
DA:8,3
DA:9,1
DA:11,2
DA:12,1
DA:14,1
DA:19,10
DA:35,3
DA:36,0
DA:47,3
DA:53,7
DA:55,3
DA:56,2
DA:57,2
DA:58,2
DA:59,2
DA:60,2
DA:67,1
DA:72,6
DA:73,6
DA:74,1
DA:76,5
DA:77,1
DA:79,4
DA:84,7
DA:87,7
DA:115,7
DA:118,7
DA:119,1
DA:121,6
DA:122,1
DA:124,5
DA:129,7
DA:130,7
DA:131,1
DA:133,6
DA:134,2
DA:136,4
DA:144,3
DA:145,1
DA:147,2
DA:148,1
DA:150,1
LF:44
LH:43
BRDA:8,0,0,1
BRDA:8,0,1,2
BRDA:11,1,0,1
BRDA:11,1,1,1
BRDA:20,2,0,10
BRDA:20,2,1,7
BRDA:20,2,2,5
BRDA:35,3,0,0
BRDA:35,3,1,3
BRDA:55,4,0,2
BRDA:55,4,1,1
BRDA:57,5,0,1
BRDA:57,5,1,1
BRDA:58,6,0,1
BRDA:58,6,1,1
BRDA:59,7,0,2
BRDA:59,7,1,0
BRDA:73,8,0,1
BRDA:73,8,1,5
BRDA:76,9,0,1
BRDA:76,9,1,4
BRDA:118,10,0,1
BRDA:118,10,1,6
BRDA:121,11,0,1
BRDA:121,11,1,5
BRDA:130,12,0,1
BRDA:130,12,1,6
BRDA:133,13,0,2
BRDA:133,13,1,4
BRDA:144,14,0,1
BRDA:144,14,1,2
BRDA:147,15,0,1
BRDA:147,15,1,1
BRF:33
BRH:31
end_of_record
